Log file open, 07/11/18 14:55:13
LogWindows: Failed to load 'aqProf.dll' (GetLastError=126)
LogWindows: File 'aqProf.dll' does not exist
LogWindows: Failed to load 'VtuneApi.dll' (GetLastError=126)
LogWindows: File 'VtuneApi.dll' does not exist
LogWindows: Failed to load 'VtuneApi32e.dll' (GetLastError=126)
LogWindows: File 'VtuneApi32e.dll' does not exist
LogInit: Display: Running engine for game: BumRush_VR_001
LogPlatformFile: Not using cached read wrapper
LogInit: Display: RandInit(-1264734376) SRandInit(-1264734376).
LogInit: Read version file with build ID '3944462'
LogInit: Overriding engine version to CL 4033788, compatible CL 3944462
LogInit: Registered custom module enumerator with build ID '3944462'
LogTaskGraph: Started task graph with 5 named threads and 35 total threads with 3 sets of task threads.
LogStats: Stats thread started at 0.379767
LogD3D11RHI: Aftermath initialized
LogICUInternationalization: Display: ICU TimeZone Detection - Raw Offset: -8:00, Platform Override: ''
LogModuleManager: Display: Found up-to-date module file ../../../Engine/Plugins/Marketplace/FactionsExtension/Binaries/Win64/UE4Editor-Factions.dll (API version 3944462).
LogModuleManager: Display: Found up-to-date module file ../../../Engine/Plugins/Marketplace/FactionsExtension/Binaries/Win64/UE4Editor-FactionsEditor.dll (API version 3944462).
LogModuleManager: Display: Found up-to-date module file ../../../Engine/Plugins/2D/Paper2D/Binaries/Win64/UE4Editor-Paper2D.dll (API version 3944462).
LogModuleManager: Display: Found up-to-date module file ../../../Engine/Plugins/2D/Paper2D/Binaries/Win64/UE4Editor-Paper2DEditor.dll (API version 3944462).
LogModuleManager: Display: Found up-to-date module file ../../../Engine/Plugins/2D/Paper2D/Binaries/Win64/UE4Editor-PaperSpriteSheetImporter.dll (API version 3944462).
LogModuleManager: Display: Found up-to-date module file ../../../Engine/Plugins/2D/Paper2D/Binaries/Win64/UE4Editor-PaperTiledImporter.dll (API version 3944462).
LogModuleManager: Display: Found up-to-date module file ../../../Engine/Plugins/2D/Paper2D/Binaries/Win64/UE4Editor-SmartSnapping.dll (API version 3944462).
LogModuleManager: Display: Found up-to-date module file ../../../Engine/Plugins/Blendables/LightPropagationVolume/Binaries/Win64/UE4Editor-LightPropagationVolumeRuntime.dll (API version 3944462).
LogModuleManager: Display: Found up-to-date module file ../../../Engine/Plugins/Blendables/LightPropagationVolume/Binaries/Win64/UE4Editor-LightPropagationVolumeEditor.dll (API version 3944462).
LogModuleManager: Display: Found up-to-date module file ../../../Engine/Plugins/Developer/CLionSourceCodeAccess/Binaries/Win64/UE4Editor-CLionSourceCodeAccess.dll (API version 3944462).
LogModuleManager: Display: Found up-to-date module file ../../../Engine/Plugins/Developer/GitSourceControl/Binaries/Win64/UE4Editor-GitSourceControl.dll (API version 3944462).
LogModuleManager: Display: Found up-to-date module file ../../../Engine/Plugins/Developer/PerforceSourceControl/Binaries/Win64/UE4Editor-PerforceSourceControl.dll (API version 3944462).
LogModuleManager: Display: Found up-to-date module file ../../../Engine/Plugins/Developer/SubversionSourceControl/Binaries/Win64/UE4Editor-SubversionSourceControl.dll (API version 3944462).
LogModuleManager: Display: Found up-to-date module file ../../../Engine/Plugins/Developer/UObjectPlugin/Binaries/Win64/UE4Editor-UObjectPlugin.dll (API version 3944462).
LogModuleManager: Display: Found up-to-date module file ../../../Engine/Plugins/Developer/VisualStudioCodeSourceCodeAccess/Binaries/Win64/UE4Editor-VisualStudioCodeSourceCodeAccess.dll (API version 3944462).
LogModuleManager: Display: Found up-to-date module file ../../../Engine/Plugins/Developer/VisualStudioSourceCodeAccess/Binaries/Win64/UE4Editor-VisualStudioSourceCodeAccess.dll (API version 3944462).
LogModuleManager: Display: Found up-to-date module file ../../../Engine/Plugins/Editor/AssetManagerEditor/Binaries/Win64/UE4Editor-AssetManagerEditor.dll (API version 3944462).
LogModuleManager: Display: Found up-to-date module file ../../../Engine/Plugins/Editor/CryptoKeys/Binaries/Win64/UE4Editor-CryptoKeys.dll (API version 3944462).
LogModuleManager: Display: Found up-to-date module file ../../../Engine/Plugins/Editor/CryptoKeys/Binaries/Win64/UE4Editor-CryptoKeysOpenSSL.dll (API version 3944462).
LogModuleManager: Display: Found up-to-date module file ../../../Engine/Plugins/Editor/DataValidation/Binaries/Win64/UE4Editor-DataValidation.dll (API version 3944462).
LogModuleManager: Display: Found up-to-date module file ../../../Engine/Plugins/Editor/FacialAnimation/Binaries/Win64/UE4Editor-FacialAnimation.dll (API version 3944462).
LogModuleManager: Display: Found up-to-date module file ../../../Engine/Plugins/Editor/FacialAnimation/Binaries/Win64/UE4Editor-FacialAnimationEditor.dll (API version 3944462).
LogModuleManager: Display: Found up-to-date module file ../../../Engine/Plugins/Editor/GameplayTagsEditor/Binaries/Win64/UE4Editor-GameplayTagsEditor.dll (API version 3944462).
LogModuleManager: Display: Found up-to-date module file ../../../Engine/Plugins/Editor/MobileLauncherProfileWizard/Binaries/Win64/UE4Editor-MobileLauncherProfileWizard.dll (API version 3944462).
LogModuleManager: Display: Found up-to-date module file ../../../Engine/Plugins/Editor/PluginBrowser/Binaries/Win64/UE4Editor-PluginBrowser.dll (API version 3944462).
LogModuleManager: Display: Found up-to-date module file ../../../Engine/Plugins/Editor/SpeedTreeImporter/Binaries/Win64/UE4Editor-SpeedTreeImporter.dll (API version 3944462).
LogModuleManager: Display: Found up-to-date module file ../../../Engine/Plugins/Enterprise/DatasmithContent/Binaries/Win64/UE4Editor-DatasmithContent.dll (API version 3944462).
LogModuleManager: Display: Found up-to-date module file ../../../Engine/Plugins/Experimental/AlembicImporter/Binaries/Win64/UE4Editor-AlembicImporter.dll (API version 3944462).
LogModuleManager: Display: Found up-to-date module file ../../../Engine/Plugins/Experimental/AlembicImporter/Binaries/Win64/UE4Editor-AlembicLibrary.dll (API version 3944462).
LogModuleManager: Display: Found up-to-date module file ../../../Engine/Plugins/Experimental/CharacterAI/Binaries/Win64/UE4Editor-CharacterAI.dll (API version 3944462).
LogModuleManager: Display: Found up-to-date module file ../../../Engine/Plugins/Experimental/HTML5Networking/Binaries/Win64/UE4Editor-HTML5Networking.dll (API version 3944462).
LogModuleManager: Display: Found up-to-date module file ../../../Engine/Plugins/Media/AndroidMedia/Binaries/Win64/UE4Editor-AndroidMediaEditor.dll (API version 3944462).
LogModuleManager: Display: Found up-to-date module file ../../../Engine/Plugins/Media/AndroidMedia/Binaries/Win64/UE4Editor-AndroidMediaFactory.dll (API version 3944462).
LogModuleManager: Display: Found up-to-date module file ../../../Engine/Plugins/Media/AvfMedia/Binaries/Win64/UE4Editor-AvfMediaEditor.dll (API version 3944462).
LogModuleManager: Display: Found up-to-date module file ../../../Engine/Plugins/Media/AvfMedia/Binaries/Win64/UE4Editor-AvfMediaFactory.dll (API version 3944462).
LogModuleManager: Display: Found up-to-date module file ../../../Engine/Plugins/Media/AvfMedia/Binaries/Win64/UE4Editor-AvfMediaFactory.dll (API version 3944462).
LogModuleManager: Display: Found up-to-date module file ../../../Engine/Plugins/Media/ImgMedia/Binaries/Win64/UE4Editor-ImgMedia.dll (API version 3944462).
LogModuleManager: Display: Found up-to-date module file ../../../Engine/Plugins/Media/ImgMedia/Binaries/Win64/UE4Editor-ImgMediaEditor.dll (API version 3944462).
LogModuleManager: Display: Found up-to-date module file ../../../Engine/Plugins/Media/ImgMedia/Binaries/Win64/UE4Editor-ImgMediaFactory.dll (API version 3944462).
LogModuleManager: Display: Found up-to-date module file ../../../Engine/Plugins/Media/ImgMedia/Binaries/Win64/UE4Editor-ImgMediaFactory.dll (API version 3944462).
LogModuleManager: Display: Found up-to-date module file ../../../Engine/Plugins/Media/ImgMedia/Binaries/Win64/UE4Editor-OpenExrWrapper.dll (API version 3944462).
LogModuleManager: Display: Found up-to-date module file ../../../Engine/Plugins/Media/LinearTimecode/Binaries/Win64/UE4Editor-LinearTimecode.dll (API version 3944462).
LogModuleManager: Display: Found up-to-date module file ../../../Engine/Plugins/Media/MediaCompositing/Binaries/Win64/UE4Editor-MediaCompositing.dll (API version 3944462).
LogModuleManager: Display: Found up-to-date module file ../../../Engine/Plugins/Media/MediaCompositing/Binaries/Win64/UE4Editor-MediaCompositingEditor.dll (API version 3944462).
LogModuleManager: Display: Found up-to-date module file ../../../Engine/Plugins/Media/MediaPlayerEditor/Binaries/Win64/UE4Editor-MediaPlayerEditor.dll (API version 3944462).
LogModuleManager: Display: Found up-to-date module file ../../../Engine/Plugins/Media/WmfMedia/Binaries/Win64/UE4Editor-WmfMedia.dll (API version 3944462).
LogModuleManager: Display: Found up-to-date module file ../../../Engine/Plugins/Media/WmfMedia/Binaries/Win64/UE4Editor-WmfMediaEditor.dll (API version 3944462).
LogModuleManager: Display: Found up-to-date module file ../../../Engine/Plugins/Media/WmfMedia/Binaries/Win64/UE4Editor-WmfMediaFactory.dll (API version 3944462).
LogModuleManager: Display: Found up-to-date module file ../../../Engine/Plugins/Media/WmfMedia/Binaries/Win64/UE4Editor-WmfMediaFactory.dll (API version 3944462).
LogModuleManager: Display: Found up-to-date module file ../../../Engine/Plugins/Messaging/TcpMessaging/Binaries/Win64/UE4Editor-TcpMessaging.dll (API version 3944462).
LogModuleManager: Display: Found up-to-date module file ../../../Engine/Plugins/Messaging/UdpMessaging/Binaries/Win64/UE4Editor-UdpMessaging.dll (API version 3944462).
LogModuleManager: Display: Found up-to-date module file ../../../Engine/Plugins/MovieScene/ActorSequence/Binaries/Win64/UE4Editor-ActorSequence.dll (API version 3944462).
LogModuleManager: Display: Found up-to-date module file ../../../Engine/Plugins/MovieScene/LevelSequenceEditor/Binaries/Win64/UE4Editor-LevelSequenceEditor.dll (API version 3944462).
LogModuleManager: Display: Found up-to-date module file ../../../Engine/Plugins/MovieScene/MatineeToLevelSequence/Binaries/Win64/UE4Editor-MatineeToLevelSequence.dll (API version 3944462).
LogModuleManager: Display: Found up-to-date module file ../../../Engine/Plugins/NetcodeUnitTest/NetcodeUnitTest/Binaries/Win64/UE4Editor-NetcodeUnitTest.dll (API version 3944462).
LogModuleManager: Display: Found up-to-date module file ../../../Engine/Plugins/NetcodeUnitTest/NUTUnrealEngine4/Binaries/Win64/UE4Editor-NUTUnrealEngine4.dll (API version 3944462).
LogModuleManager: Display: Found up-to-date module file ../../../Engine/Plugins/Online/OnlineSubsystem/Binaries/Win64/UE4Editor-OnlineSubsystem.dll (API version 3944462).
LogModuleManager: Display: Found up-to-date module file ../../../Engine/Plugins/Runtime/AndroidPermission/Binaries/Win64/UE4Editor-AndroidPermission.dll (API version 3944462).
LogModuleManager: Display: Found up-to-date module file ../../../Engine/Plugins/Online/OnlineSubsystemNull/Binaries/Win64/UE4Editor-OnlineSubsystemNull.dll (API version 3944462).
LogModuleManager: Display: Found up-to-date module file ../../../Engine/Plugins/Online/OnlineSubsystemUtils/Binaries/Win64/UE4Editor-OnlineSubsystemUtils.dll (API version 3944462).
LogModuleManager: Display: Found up-to-date module file ../../../Engine/Plugins/Online/OnlineSubsystemUtils/Binaries/Win64/UE4Editor-OnlineBlueprintSupport.dll (API version 3944462).
LogModuleManager: Display: Found up-to-date module file ../../../Engine/Plugins/Runtime/AndroidDeviceProfileSelector/Binaries/Win64/UE4Editor-AndroidDeviceProfileSelector.dll (API version 3944462).
LogModuleManager: Display: Found up-to-date module file ../../../Engine/Plugins/Runtime/AppleARKit/Binaries/Win64/UE4Editor-AppleARKit.dll (API version 3944462).
LogModuleManager: Display: Found up-to-date module file ../../../Engine/Plugins/Runtime/ProceduralMeshComponent/Binaries/Win64/UE4Editor-ProceduralMeshComponent.dll (API version 3944462).
LogModuleManager: Display: Found up-to-date module file ../../../Engine/Plugins/Runtime/ProceduralMeshComponent/Binaries/Win64/UE4Editor-ProceduralMeshComponentEditor.dll (API version 3944462).
LogModuleManager: Display: Found up-to-date module file ../../../Engine/Plugins/Animation/LiveLink/Binaries/Win64/UE4Editor-LiveLink.dll (API version 3944462).
LogModuleManager: Display: Found up-to-date module file ../../../Engine/Plugins/Animation/LiveLink/Binaries/Win64/UE4Editor-LiveLinkEditor.dll (API version 3944462).
LogModuleManager: Display: Found up-to-date module file ../../../Engine/Plugins/Runtime/ArchVisCharacter/Binaries/Win64/UE4Editor-ArchVisCharacter.dll (API version 3944462).
LogModuleManager: Display: Found up-to-date module file ../../../Engine/Plugins/Runtime/AudioCapture/Binaries/Win64/UE4Editor-AudioCapture.dll (API version 3944462).
LogModuleManager: Display: Found up-to-date module file ../../../Engine/Plugins/Runtime/AudioCapture/Binaries/Win64/UE4Editor-AudioCaptureEditor.dll (API version 3944462).
LogModuleManager: Display: Found up-to-date module file ../../../Engine/Plugins/Runtime/CableComponent/Binaries/Win64/UE4Editor-CableComponent.dll (API version 3944462).
LogModuleManager: Display: Found up-to-date module file ../../../Engine/Plugins/Runtime/CustomMeshComponent/Binaries/Win64/UE4Editor-CustomMeshComponent.dll (API version 3944462).
LogModuleManager: Display: Found up-to-date module file ../../../Engine/Plugins/Runtime/ExampleDeviceProfileSelector/Binaries/Win64/UE4Editor-ExampleDeviceProfileSelector.dll (API version 3944462).
LogModuleManager: Display: Found up-to-date module file ../../../Engine/Plugins/Runtime/ImmediatePhysics/Binaries/Win64/UE4Editor-ImmediatePhysics.dll (API version 3944462).
LogModuleManager: Display: Found up-to-date module file ../../../Engine/Plugins/Runtime/ImmediatePhysics/Binaries/Win64/UE4Editor-ImmediatePhysicsEditor.dll (API version 3944462).
LogModuleManager: Display: Found up-to-date module file ../../../Engine/Plugins/Runtime/LocationServicesBPLibrary/Binaries/Win64/UE4Editor-LocationServicesBPLibrary.dll (API version 3944462).
LogModuleManager: Display: Found up-to-date module file ../../../Engine/Plugins/Runtime/MobilePatchingUtils/Binaries/Win64/UE4Editor-MobilePatchingUtils.dll (API version 3944462).
LogModuleManager: Display: Found up-to-date module file ../../../Engine/Plugins/Runtime/Oculus/OculusVR/Binaries/Win64/UE4Editor-OculusHMD.dll (API version 3944462).
LogModuleManager: Display: Found up-to-date module file ../../../Engine/Plugins/Runtime/Oculus/OculusVR/Binaries/Win64/UE4Editor-OculusInput.dll (API version 3944462).
LogModuleManager: Display: Found up-to-date module file ../../../Engine/Plugins/Runtime/Oculus/OculusVR/Binaries/Win64/UE4Editor-OculusEditor.dll (API version 3944462).
LogModuleManager: Display: Found up-to-date module file ../../../Engine/Plugins/Runtime/PhysXVehicles/Binaries/Win64/UE4Editor-PhysXVehicles.dll (API version 3944462).
LogModuleManager: Display: Found up-to-date module file ../../../Engine/Plugins/Runtime/PhysXVehicles/Binaries/Win64/UE4Editor-PhysXVehiclesEditor.dll (API version 3944462).
LogModuleManager: Display: Found up-to-date module file ../../../Engine/Plugins/Runtime/RuntimePhysXCooking/Binaries/Win64/UE4Editor-RuntimePhysXCooking.dll (API version 3944462).
LogModuleManager: Display: Found up-to-date module file ../../../Engine/Plugins/Runtime/Steam/SteamVR/Binaries/Win64/UE4Editor-SteamVR.dll (API version 3944462).
LogModuleManager: Display: Found up-to-date module file ../../../Engine/Plugins/Runtime/Steam/SteamVR/Binaries/Win64/UE4Editor-SteamVRController.dll (API version 3944462).
LogModuleManager: Display: Found up-to-date module file ../../../Engine/Plugins/Runtime/WindowsMoviePlayer/Binaries/Win64/UE4Editor-WindowsMoviePlayer.dll (API version 3944462).
LogPluginManager: Mounting plugin Paper2D
LogPluginManager: Mounting plugin LiveLink
LogPluginManager: Mounting plugin LightPropagationVolume
LogPluginManager: Mounting plugin CLionSourceCodeAccess
LogPluginManager: Mounting plugin CodeLiteSourceCodeAccess
LogPluginManager: Mounting plugin GitSourceControl
LogPluginManager: Mounting plugin KDevelopSourceCodeAccess
LogPluginManager: Mounting plugin NullSourceCodeAccess
LogPluginManager: Mounting plugin PerforceSourceControl
LogPluginManager: Mounting plugin SubversionSourceControl
LogPluginManager: Mounting plugin UObjectPlugin
LogPluginManager: Mounting plugin VisualStudioCodeSourceCodeAccess
LogPluginManager: Mounting plugin VisualStudioSourceCodeAccess
LogPluginManager: Mounting plugin XCodeSourceCodeAccess
LogPluginManager: Mounting plugin AssetManagerEditor
LogPluginManager: Mounting plugin CryptoKeys
LogPluginManager: Mounting plugin DataValidation
LogPluginManager: Mounting plugin FacialAnimation
LogPluginManager: Mounting plugin GameplayTagsEditor
LogPluginManager: Mounting plugin MobileLauncherProfileWizard
LogPluginManager: Mounting plugin PluginBrowser
LogPluginManager: Mounting plugin SpeedTreeImporter
LogPluginManager: Mounting plugin DatasmithContent
LogPluginManager: Mounting plugin AlembicImporter
LogPluginManager: Mounting plugin CharacterAI
LogPluginManager: Mounting plugin HTML5Networking
LogPluginManager: Mounting plugin FactionsExtension
LogPluginManager: Mounting plugin AndroidMedia
LogPluginManager: Mounting plugin AvfMedia
LogPluginManager: Mounting plugin ImgMedia
LogPluginManager: Mounting plugin LinearTimecode
LogPluginManager: Mounting plugin MediaCompositing
LogPluginManager: Mounting plugin MediaPlayerEditor
LogPluginManager: Mounting plugin WmfMedia
LogPluginManager: Mounting plugin TcpMessaging
LogPluginManager: Mounting plugin UdpMessaging
LogPluginManager: Mounting plugin ActorSequence
LogPluginManager: Mounting plugin LevelSequenceEditor
LogPluginManager: Mounting plugin MatineeToLevelSequence
LogPluginManager: Mounting plugin NetcodeUnitTest
LogPluginManager: Mounting plugin NUTUnrealEngine4
LogPluginManager: Mounting plugin OnlineSubsystemGooglePlay
LogPluginManager: Mounting plugin OnlineSubsystemIOS
LogPluginManager: Mounting plugin OnlineSubsystem
LogPluginManager: Mounting plugin OnlineSubsystemNull
LogPluginManager: Mounting plugin OnlineSubsystemUtils
LogPluginManager: Mounting plugin AndroidDeviceProfileSelector
LogPluginManager: Mounting plugin AndroidMoviePlayer
LogPluginManager: Mounting plugin AndroidPermission
LogPluginManager: Mounting plugin AppleARKit
LogPluginManager: Mounting plugin AppleMoviePlayer
LogPluginManager: Mounting plugin ArchVisCharacter
LogPluginManager: Mounting plugin AudioCapture
LogPluginManager: Mounting plugin CableComponent
LogPluginManager: Mounting plugin CustomMeshComponent
LogPluginManager: Mounting plugin ExampleDeviceProfileSelector
LogPluginManager: Mounting plugin GoogleCloudMessaging
LogPluginManager: Mounting plugin ImmediatePhysics
LogPluginManager: Mounting plugin IOSDeviceProfileSelector
LogPluginManager: Mounting plugin LinuxDeviceProfileSelector
LogPluginManager: Mounting plugin LocationServicesBPLibrary
LogPluginManager: Mounting plugin MobilePatchingUtils
LogPluginManager: Mounting plugin OculusVR
LogPluginManager: Plugin shader directory ../../../Engine/Plugins/Runtime/Oculus/OculusVR/Shaders found
LogPluginManager: Mapping shader source directory ../../../Engine/Plugins/Runtime/Oculus/OculusVR/Shaders to virtual directory /Plugin/OculusVR
LogPluginManager: Mounting plugin PhysXVehicles
LogPluginManager: Mounting plugin ProceduralMeshComponent
LogPluginManager: Mounting plugin RuntimePhysXCooking
LogPluginManager: Mounting plugin SteamVR
LogPluginManager: Mounting plugin WindowsMoviePlayer
LogStreaming: Display: Took  0.759s to configure plugins.
LogInit: Using libcurl 7.47.1
LogInit:  - built for x86_64-pc-win32
LogInit:  - supports SSL with OpenSSL/1.0.2g
LogInit:  - supports HTTP deflate (compression) using libz 1.2.8
LogInit:  - other features:
LogInit:      CURL_VERSION_SSL
LogInit:      CURL_VERSION_LIBZ
LogInit:      CURL_VERSION_IPV6
LogInit:      CURL_VERSION_ASYNCHDNS
LogInit:      CURL_VERSION_LARGEFILE
LogInit:      CURL_VERSION_IDN
LogInit:  CurlRequestOptions (configurable via config and command line):
LogInit:  - bVerifyPeer = false  - Libcurl will NOT verify peer certificate
LogInit:  - bUseHttpProxy = false  - Libcurl will NOT use HTTP proxy
LogInit:  - bDontReuseConnections = false  - Libcurl will reuse connections
LogInit:  - CertBundlePath = nullptr  - Libcurl will use whatever was configured at build time.
LogInit:  - MaxHostConnections = 16  - Libcurl will limit the number of connections to a host
LogInit:  - LocalHostAddr = Default
LogInit: WinSock: version 1.1 (2.2), MaxSocks=32767, MaxUdp=65467
LogInit: WinSock: I am ALTLAMPWS002 (10.40.10.72:0)
LogInit: Build: ++UE4+Release-4.19-CL-4033788
LogInit: Engine Version: 4.19.2-4033788+++UE4+Release-4.19
LogInit: Compatible Engine Version: 4.19.0-3944462+++UE4+Release-4.19
LogInit: Net CL: 3944462
LogDevObjectVersion: Number of dev versions registered: 18
LogDevObjectVersion:   Dev-Blueprints (B0D832E4-1F89-4F0D-ACCF-7EB736FD4AA2): 10
LogDevObjectVersion:   Dev-Build (E1C64328-A22C-4D53-A36C-8E866417BD8C): 0
LogDevObjectVersion:   Dev-Core (375EC13C-06E4-48FB-B500-84F0262A717E): 2
LogDevObjectVersion:   Dev-Editor (E4B068ED-F494-42E9-A231-DA0B2E46BB41): 23
LogDevObjectVersion:   Dev-Framework (CFFC743F-43B0-4480-9391-14DF171D2073): 33
LogDevObjectVersion:   Dev-Mobile (B02B49B5-BB20-44E9-A304-32B752E40360): 2
LogDevObjectVersion:   Dev-Networking (A4E4105C-59A1-49B5-A7C5-40C4547EDFEE): 0
LogDevObjectVersion:   Dev-Online (39C831C9-5AE6-47DC-9A44-9C173E1C8E7C): 0
LogDevObjectVersion:   Dev-Physics (78F01B33-EBEA-4F98-B9B4-84EACCB95AA2): 0
LogDevObjectVersion:   Dev-Platform (6631380F-2D4D-43E0-8009-CF276956A95A): 0
LogDevObjectVersion:   Dev-Rendering (12F88B9F-8875-4AFC-A67C-D90C383ABD29): 25
LogDevObjectVersion:   Dev-Sequencer (7B5AE74C-D270-4C10-A958-57980B212A5A): 6
LogDevObjectVersion:   Dev-VR (D7296918-1DD6-4BDD-9DE2-64A83CC13884): 1
LogDevObjectVersion:   Dev-LoadTimes (C2A15278-BFE7-4AFE-6C17-90FF531DF755): 1
LogDevObjectVersion:   Private-Geometry (6EACA3D4-40EC-4CC1-B786-8BED09428FC5): 2
LogDevObjectVersion:   Dev-AnimPhys (29E575DD-E0A3-4627-9D10-D276232CDCEA): 16
LogDevObjectVersion:   Dev-ReflectionCapture (6B266CEC-1EC7-4B8F-A30B-E4D90942FC07): 1
LogDevObjectVersion:   Dev-Automation (0DF73D61-A23F-47EA-B727-89E90C41499A): 1
LogInit: Compiled (64-bit): Apr 27 2018 02:06:57
LogInit: Compiled with Visual C++: 19.00.24215.01
LogInit: Build Configuration: Development
LogInit: Branch Name: ++UE4+Release-4.19
LogInit: Command Line:  
LogInit: Base Directory: C:/Program Files/Epic Games/UE_4.19/Engine/Binaries/Win64/
LogInit: Installed Engine Build: 1
LogStreaming: Display: Took  0.000s to delete old logs.
LogInit: Presizing for max 8388607 objects, including 0 objects not considered by GC, pre-allocating 0 bytes for permanent pool.
LogInit: Object subsystem initialized
[2018.07.11-21.55.14:571][  0]LogInit: Selected Device Profile: [Windows]
[2018.07.11-21.55.14:571][  0]LogInit: Applying CVar settings loaded from the selected device profile: [Windows]
[2018.07.11-21.55.14:581][  0]LogInit: Computer: ALTLAMPWS002
[2018.07.11-21.55.14:581][  0]LogInit: User: nlines
[2018.07.11-21.55.14:581][  0]LogInit: CPU Page size=4096, Cores=6
[2018.07.11-21.55.14:581][  0]LogInit: High frequency timer resolution =3.507568 MHz
[2018.07.11-21.55.14:581][  0]LogMemory: Memory total: Physical=63.9GB (64GB approx)
[2018.07.11-21.55.14:581][  0]LogMemory: Platform Memory Stats for Windows
[2018.07.11-21.55.14:581][  0]LogMemory: Process Physical Memory: 279.44 MB used, 279.44 MB peak
[2018.07.11-21.55.14:581][  0]LogMemory: Process Virtual Memory: 277.98 MB used, 277.98 MB peak
[2018.07.11-21.55.14:581][  0]LogMemory: Physical Memory: 8568.50 MB used,  56883.63 MB free, 65452.13 MB total
[2018.07.11-21.55.14:581][  0]LogMemory: Virtual Memory: 667.52 MB used,  56883.63 MB free, 8388608.00 MB total
[2018.07.11-21.55.14:614][  0]LogInit: Using OS detected language (en-US).
[2018.07.11-21.55.14:614][  0]LogInit: Using OS detected locale (en-US).
[2018.07.11-21.55.14:617][  0]LogTextLocalizationManager: No specific localization for 'en-US' exists, so the 'en' localization will be used.
[2018.07.11-21.55.14:989][  0]LogStreaming: Display: Took  0.375s to EndInitTextLocalization.
[2018.07.11-21.55.14:989][  0]LogWindows: Failed to load 'shcore.dll' (GetLastError=126)
[2018.07.11-21.55.14:989][  0]LogWindows: File 'shcore.dll' does not exist
[2018.07.11-21.55.14:989][  0]LogInit: Setting process to DPI aware
[2018.07.11-21.55.14:993][  0]LogWindows: Failed to load 'shcore.dll' (GetLastError=126)
[2018.07.11-21.55.14:993][  0]LogWindows: File 'shcore.dll' does not exist
[2018.07.11-21.55.14:993][  0]LogInit: Setting process to DPI aware
[2018.07.11-21.55.15:015][  0]LogSlate: New Slate User Created.  User Index 0, Is Virtual User: 0
[2018.07.11-21.55.15:015][  0]LogSlate: Slate User Registered.  User Index 0, Is Virtual User: 0
[2018.07.11-21.55.15:189][  0]LogD3D11RHI: D3D11 adapters:
[2018.07.11-21.55.15:213][  0]LogD3D11RHI:    0. 'NVIDIA Quadro M4000' (Feature Level 11_0)
[2018.07.11-21.55.15:213][  0]LogD3D11RHI:       8093/0/32470 MB DedicatedVideo/DedicatedSystem/SharedSystem, Outputs:2, VendorId:0x10de
[2018.07.11-21.55.15:213][  0]LogD3D11RHI: Chosen D3D11 Adapter: 0
[2018.07.11-21.55.15:218][  0]LogD3D11RHI: Creating new Direct3DDevice
[2018.07.11-21.55.15:218][  0]LogD3D11RHI:     GPU DeviceId: 0x13f1 (for the marketing name, search the web for "GPU Device Id")
[2018.07.11-21.55.15:218][  0]LogWindows: EnumDisplayDevices:
[2018.07.11-21.55.15:218][  0]LogWindows:    0. 'NVIDIA Quadro M4000' (P:0 D:1)
[2018.07.11-21.55.15:218][  0]LogWindows:    1. 'NVIDIA Quadro M4000' (P:1 D:1)
[2018.07.11-21.55.15:219][  0]LogWindows:    2. 'NVIDIA Quadro M4000' (P:0 D:0)
[2018.07.11-21.55.15:219][  0]LogWindows:    3. 'NVIDIA Quadro M4000' (P:0 D:0)
[2018.07.11-21.55.15:219][  0]LogWindows:    4. 'RDPDD Chained DD' (P:0 D:0)
[2018.07.11-21.55.15:219][  0]LogWindows:    5. 'RDP Encoder Mirror Driver' (P:0 D:0)
[2018.07.11-21.55.15:219][  0]LogWindows:    6. 'RDP Reflector Display Driver' (P:0 D:0)
[2018.07.11-21.55.15:219][  0]LogWindows: DebugString: GetVideoDriverDetailsInvalid PrimaryIsNotTheChoosenAdapter GetVideoDriverDetailsInvalid PrimaryIsNotTheChoosenAdapter GetVideoDriverDetailsInvalid PrimaryIsNotTheChoosenAdapter FoundDriverCount:4 
[2018.07.11-21.55.15:219][  0]LogD3D11RHI:     Adapter Name: NVIDIA Quadro M4000
[2018.07.11-21.55.15:219][  0]LogD3D11RHI:   Driver Version: 385.69 (internal:22.21.13.8569, unified:385.69)
[2018.07.11-21.55.15:219][  0]LogD3D11RHI:      Driver Date: 9-16-2017
[2018.07.11-21.55.15:219][  0]LogRHI: Texture pool is 5665 MB (70% of 8093 MB)
[2018.07.11-21.55.15:231][  0]LogD3D11RHI: [Aftermath] Aftermath enabled but failed to initialize
[2018.07.11-21.55.15:231][  0]LogD3D11RHI: [Aftermath] Aftermath enabled and primed
[2018.07.11-21.55.15:231][  0]LogD3D11RHI: Async texture creation enabled
[2018.07.11-21.55.15:246][  0]LogD3D11RHI: GPU Timing Frequency: 1000.000000 (Debug: 2 2)
[2018.07.11-21.55.15:329][  0]LogShaderCompilers: Guid format shader working directory is -23 characters bigger than the processId version (../../../../../../Users/nlines/Documents/GitHub/BumRush/BumRush_VR_001/Intermediate/Shaders/WorkingDirectory/4608/).
[2018.07.11-21.55.15:329][  0]LogShaderCompilers: Cleaned the shader compiler working directory 'C:/Users/nlines/AppData/Local/Temp/UnrealShaderWorkingDir/869CE8C64241327927B2159E92396ACF/'.
[2018.07.11-21.55.15:963][  0]LogTemp: Display: Loaded TP AllDesktopTargetPlatform
[2018.07.11-21.55.15:975][  0]LogTemp: Display: Loaded TP MacClientTargetPlatform
[2018.07.11-21.55.15:986][  0]LogTemp: Display: Loaded TP MacNoEditorTargetPlatform
[2018.07.11-21.55.15:997][  0]LogTemp: Display: Loaded TP MacServerTargetPlatform
[2018.07.11-21.55.16:009][  0]LogTemp: Display: Loaded TP MacTargetPlatform
[2018.07.11-21.55.16:021][  0]LogTemp: Display: Loaded TP WindowsClientTargetPlatform
[2018.07.11-21.55.16:032][  0]LogTemp: Display: Loaded TP WindowsNoEditorTargetPlatform
[2018.07.11-21.55.16:044][  0]LogTemp: Display: Loaded TP WindowsServerTargetPlatform
[2018.07.11-21.55.16:049][  0]LogTemp: Display: Loaded TP WindowsTargetPlatform
[2018.07.11-21.55.16:059][  0]LogTemp: Display: Loaded TP Android_ASTCTargetPlatform
[2018.07.11-21.55.16:070][  0]LogTemp: Display: Loaded TP Android_ATCTargetPlatform
[2018.07.11-21.55.16:080][  0]LogTemp: Display: Loaded TP Android_DXTTargetPlatform
[2018.07.11-21.55.16:090][  0]LogTemp: Display: Loaded TP Android_ETC1aTargetPlatform
[2018.07.11-21.55.16:101][  0]LogTemp: Display: Loaded TP Android_ETC1TargetPlatform
[2018.07.11-21.55.16:111][  0]LogTemp: Display: Loaded TP Android_ETC2TargetPlatform
[2018.07.11-21.55.16:133][  0]LogTemp: Display: Loaded TP Android_MultiTargetPlatform
[2018.07.11-21.55.16:133][  0]LogTemp: Display: Loaded TP Android_PVRTCTargetPlatform
[2018.07.11-21.55.16:153][  0]LogTemp: Display: Loaded TP AndroidTargetPlatform
[2018.07.11-21.55.16:159][  0]LogTemp: Display: Loaded TP HTML5TargetPlatform
[2018.07.11-21.55.16:203][  0]LogTemp: Display: Loaded TP IOSTargetPlatform
[2018.07.11-21.55.16:218][  0]LogTemp: Display: Loaded TP TVOSTargetPlatform
[2018.07.11-21.55.16:235][  0]LogTemp: Display: Loaded TP LinuxClientTargetPlatform
[2018.07.11-21.55.16:250][  0]LogTemp: Display: Loaded TP LinuxNoEditorTargetPlatform
[2018.07.11-21.55.16:266][  0]LogTemp: Display: Loaded TP LinuxServerTargetPlatform
[2018.07.11-21.55.16:283][  0]LogTemp: Display: Loaded TP LinuxTargetPlatform
[2018.07.11-21.55.16:283][  0]LogTargetPlatformManager: Display: Building Assets For Windows
[2018.07.11-21.55.16:390][  0]LogXGEController: Cleaning working directory: C:/Users/nlines/AppData/Local/Temp/UnrealXGEWorkingDir/
[2018.07.11-21.55.16:390][  0]LogXGEController: Cannot use XGE Controller as Incredibuild is not installed on this machine.
[2018.07.11-21.55.16:390][  0]LogShaderCompilers: Cannot use XGE Shader Compiler as Incredibuild is not installed on this machine.
[2018.07.11-21.55.16:390][  0]LogShaderCompilers: Display: Using Local Shader Compiler.
[2018.07.11-21.55.17:046][  0]LogDerivedDataCache: Display: Max Cache Size: 512 MB
[2018.07.11-21.55.17:133][  0]LogDerivedDataCache: Loaded boot cache 0.09s 74MB C:/Users/nlines/AppData/Local/UnrealEngine/4.19/DerivedDataCache/Boot.ddc.
[2018.07.11-21.55.17:133][  0]LogDerivedDataCache: Display: Loaded Boot cache: C:/Users/nlines/AppData/Local/UnrealEngine/4.19/DerivedDataCache/Boot.ddc
[2018.07.11-21.55.17:133][  0]LogDerivedDataCache: FDerivedDataBackendGraph:  Pak pak cache file ../../../../../../Users/nlines/Documents/GitHub/BumRush/BumRush_VR_001/DerivedDataCache/DDC.ddp not found, will not use a pak cache.
[2018.07.11-21.55.17:133][  0]LogDerivedDataCache: Unable to find inner node Pak for hierarchical cache Hierarchy.
[2018.07.11-21.55.17:133][  0]LogDerivedDataCache: FDerivedDataBackendGraph:  CompressedPak pak cache file ../../../../../../Users/nlines/Documents/GitHub/BumRush/BumRush_VR_001/DerivedDataCache/Compressed.ddp not found, will not use a pak cache.
[2018.07.11-21.55.17:133][  0]LogDerivedDataCache: Unable to find inner node CompressedPak for hierarchical cache Hierarchy.
[2018.07.11-21.55.17:149][  0]LogDerivedDataCache: Display: Pak cache opened for reading ../../../Engine/DerivedDataCache/Compressed.ddp.
[2018.07.11-21.55.17:160][  0]LogDerivedDataCache: Using Local data cache path C:/Users/nlines/AppData/Local/UnrealEngine/Common/DerivedDataCache: Writable
[2018.07.11-21.55.17:160][  0]LogDerivedDataCache: Shared data cache path not found in *engine.ini, will not use an Shared cache.
[2018.07.11-21.55.17:160][  0]LogDerivedDataCache: Unable to find inner node Shared for hierarchical cache Hierarchy.
[2018.07.11-21.55.17:170][  0]LogMaterial: Verifying Global Shaders for PCD3D_SM5
[2018.07.11-21.55.17:171][  0]LogSlate: Using Freetype 2.6.0
[2018.07.11-21.55.17:171][  0]LogSlate: SlateFontCache - WITH_FREETYPE: 1, WITH_HARFBUZZ: 1
[2018.07.11-21.55.17:171][  0]LogSlate: SlateFontCache - WITH_FREETYPE: 1, WITH_HARFBUZZ: 1
[2018.07.11-21.55.17:291][  0]LogAssetRegistry: FAssetRegistry took 0.0242 seconds to start up
[2018.07.11-21.55.17:554][  0]LogInit: Selected Device Profile: [Windows]
[2018.07.11-21.55.17:710][  0]LogSimplygon: Simplygon DLL not present - disabling.
[2018.07.11-21.55.17:712][  0]LogMeshReduction: Using SimplygonSwarm for distributed automatic mesh merging
[2018.07.11-21.55.17:712][  0]LogMeshReduction: Using QuadricMeshReduction for automatic static mesh reduction
[2018.07.11-21.55.17:712][  0]LogMeshReduction: No automatic skeletal mesh reduction module available
[2018.07.11-21.55.17:712][  0]LogMeshReduction: No automatic mesh merging module available
[2018.07.11-21.55.17:712][  0]LogMeshMerging: No automatic mesh merging module available
[2018.07.11-21.55.17:741][  0]LogNetVersion: BumRush_VR_001 , NetCL: 3944462, EngineNetVer: 2, GameNetVer: 0 (Checksum: 2235611731)
[2018.07.11-21.55.18:149][  0]LogPackageLocalizationCache: Processed 9 localized package path(s) for 2 prioritized culture(s) in 0.057259 seconds
[2018.07.11-21.55.18:153][  0]LogUObjectArray: 36728 objects as part of root set at end of initial load.
[2018.07.11-21.55.18:153][  0]LogUObjectAllocator: 7314312 out of 0 bytes used by permanent object pool.
[2018.07.11-21.55.18:153][  0]LogUObjectArray: CloseDisregardForGC: 0/0 objects in disregard for GC pool
[2018.07.11-21.55.19:653][  0]LogFactions: Factions: Log Started
[2018.07.11-21.55.19:667][  0]LogTcpMessaging: Initializing TcpMessaging bridge
[2018.07.11-21.55.19:691][  0]LogUdpMessaging: Initializing bridge on interface 0.0.0.0:0 to multicast group 230.0.0.1:6666.
[2018.07.11-21.55.19:969][  0]SourceControl: Source control is disabled
[2018.07.11-21.55.19:969][  0]SourceControl: Source control is disabled
[2018.07.11-21.55.19:982][  0]SourceControl: Source control is disabled
[2018.07.11-21.55.19:995][  0]SourceControl: Source control is disabled
[2018.07.11-21.55.20:367][  0]LogAndroidPermission: UAndroidPermissionCallbackProxy::GetInstance
[2018.07.11-21.55.20:484][  0]LogOcInput: OculusInput pre-init called
[2018.07.11-21.55.20:571][  0]LogEngine: Initializing Engine...
[2018.07.11-21.55.20:572][  0]LogHMD: Failed to initialize OpenVR with code 110
[2018.07.11-21.55.20:573][  0]LogStats: UGameplayTagsManager::ConstructGameplayTagTree: Construct from data asset -  0.000 s
[2018.07.11-21.55.20:573][  0]LogStats: UGameplayTagsManager::ConstructGameplayTagTree: GameplayTagTreeChangedEvent.Broadcast -  0.000 s
[2018.07.11-21.55.20:828][  0]LogAIModule: Creating AISystem for world Untitled
[2018.07.11-21.55.20:839][  0]LogInit: XAudio2 using 'DELL U2415-8 (NVIDIA High Definition Audio)' : 2 channels at 48 kHz using 16 bits per sample (channel mask 0x3)
[2018.07.11-21.55.20:856][  0]LogInit: FAudioDevice initialized.
[2018.07.11-21.55.20:901][  0]LogDerivedDataCache: Saved boot cache 0.04s 74MB C:/Users/nlines/AppData/Local/UnrealEngine/4.19/DerivedDataCache/Boot.ddc.
[2018.07.11-21.55.20:911][  0]LogInit: Texture streaming: Enabled
[2018.07.11-21.55.20:948][  0]LogEngineSessionManager: EngineSessionManager initialized
[2018.07.11-21.55.20:961][  0]LogInit: Transaction tracking system initialized
[2018.07.11-21.55.21:005][  0]BlueprintLog: New page: Editor Load
[2018.07.11-21.55.21:178][  0]LocalizationService: Localization service is disabled
[2018.07.11-21.55.21:275][  0]LogConsoleResponse: Display: 
[2018.07.11-21.55.21:414][  0]LogCook: Display: Max memory allowance for cook 16384mb min free memory 0mb
[2018.07.11-21.55.21:414][  0]LogCook: Display: Mobile HDR setting 1
[2018.07.11-21.55.21:414][  0]LogGameplayTags: Display: UGameplayTagsManager::DoneAddingNativeTags. DelegateIsBound: 0
[2018.07.11-21.55.21:414][  0]LogStats: UGameplayTagsManager::ConstructGameplayTagTree: Construct from data asset -  0.000 s
[2018.07.11-21.55.21:414][  0]LogStats: UGameplayTagsManager::ConstructGameplayTagTree: GameplayTagTreeChangedEvent.Broadcast -  0.000 s
[2018.07.11-21.55.21:460][  0]LogFileCache: Scanning file cache for directory 'C:/Users/nlines/Documents/GitHub/BumRush/BumRush_VR_001/Content/' took 0.01s
[2018.07.11-21.55.21:460][  0]LogFactionsEditor: FactionsEditor: Log Started
[2018.07.11-21.55.21:692][  0]SourceControl: Source control is disabled
[2018.07.11-21.55.21:692][  0]Cmd: MAP LOAD FILE="../../../../../../Users/nlines/Documents/GitHub/BumRush/BumRush_VR_001/Content/ThirdPersonBP/Maps/ThirdPersonExampleMap.umap" TEMPLATE=0 SHOWPROGRESS=1 FEATURELEVEL=3
[2018.07.11-21.55.21:693][  0]LightingResults: New page: Lighting Build
[2018.07.11-21.55.21:695][  0]MapCheck: New page: Map Check
[2018.07.11-21.55.21:695][  0]LightingResults: New page: Lighting Build
[2018.07.11-21.55.21:739][  0]LogUObjectGlobals: Created PersistentFrame Addr=0x0000000028115680, Size=64, Default__ThirdPerson_AnimBP_C Function /Game/Mannequin/Animations/ThirdPerson_AnimBP.ThirdPerson_AnimBP_C:ExecuteUbergraph_ThirdPerson_AnimBP
[2018.07.11-21.55.21:747][  0]LogUObjectGlobals: Destroyed PersistentFrame Addr=0x0000000028115680, Size=64
[2018.07.11-21.55.21:747][  0]LogUObjectGlobals: Created PersistentFrame Addr=0x0000000028115780, Size=64, Default__ThirdPerson_AnimBP_C Function /Engine/Transient.REINST_ThirdPerson_AnimBP_C_0:ExecuteUbergraph_ThirdPerson_AnimBP
[2018.07.11-21.55.21:754][  0]LogUObjectGlobals: Created PersistentFrame Addr=0x0000000026d49bc0, Size=72, Default__ThirdPerson_AnimBP_C Function /Game/Mannequin/Animations/ThirdPerson_AnimBP.ThirdPerson_AnimBP_C:ExecuteUbergraph_ThirdPerson_AnimBP
[2018.07.11-21.55.21:787][  0]LogUObjectGlobals: Created PersistentFrame Addr=0x0000000026d46a00, Size=128, Default__PersianAICharacter_C Function /Game/ThirdPersonBP/Blueprints/PersianAICharacter.PersianAICharacter_C:ExecuteUbergraph_PersianAICharacter
[2018.07.11-21.55.21:790][  0]LogUObjectGlobals: Destroyed PersistentFrame Addr=0x0000000026d46a00, Size=128
[2018.07.11-21.55.21:790][  0]LogUObjectGlobals: Created PersistentFrame Addr=0x0000000026d46a00, Size=128, Default__PersianAICharacter_C Function /Engine/Transient.REINST_PersianAICharacter_C_4:ExecuteUbergraph_PersianAICharacter
[2018.07.11-21.55.21:793][  0]LogUObjectGlobals: Created PersistentFrame Addr=0x0000000026c4fd00, Size=128, Default__PersianAICharacter_C Function /Game/ThirdPersonBP/Blueprints/PersianAICharacter.PersianAICharacter_C:ExecuteUbergraph_PersianAICharacter
[2018.07.11-21.55.21:800][  0]LogUObjectGlobals: Created PersistentFrame Addr=0x0000000026c4ff00, Size=128, Default__SpartanAICharacter_C Function /Game/ThirdPersonBP/Blueprints/SpartanAICharacter.SpartanAICharacter_C:ExecuteUbergraph_SpartanAICharacter
[2018.07.11-21.55.21:803][  0]LogUObjectGlobals: Destroyed PersistentFrame Addr=0x0000000026c4ff00, Size=128
[2018.07.11-21.55.21:803][  0]LogUObjectGlobals: Created PersistentFrame Addr=0x0000000026c4ff00, Size=128, Default__SpartanAICharacter_C Function /Engine/Transient.REINST_SpartanAICharacter_C_6:ExecuteUbergraph_SpartanAICharacter
[2018.07.11-21.55.21:805][  0]LogUObjectGlobals: Created PersistentFrame Addr=0x0000000026c4f300, Size=128, Default__SpartanAICharacter_C Function /Game/ThirdPersonBP/Blueprints/SpartanAICharacter.SpartanAICharacter_C:ExecuteUbergraph_SpartanAICharacter
[2018.07.11-21.55.21:812][  0]LogUObjectGlobals: Created PersistentFrame Addr=0x0000000026cce840, Size=304, Default__ThirdPersonCharacter_C Function /Game/ThirdPersonBP/Blueprints/ThirdPersonCharacter.ThirdPersonCharacter_C:ExecuteUbergraph_ThirdPersonCharacter
[2018.07.11-21.55.21:817][  0]LogUObjectGlobals: Destroyed PersistentFrame Addr=0x0000000026cce840, Size=304
[2018.07.11-21.55.21:817][  0]LogUObjectGlobals: Created PersistentFrame Addr=0x0000000026cce840, Size=304, Default__ThirdPersonCharacter_C Function /Engine/Transient.REINST_ThirdPersonCharacter_C_8:ExecuteUbergraph_ThirdPersonCharacter
[2018.07.11-21.55.21:822][  0]LogUObjectGlobals: Created PersistentFrame Addr=0x0000000026ccccc0, Size=304, Default__ThirdPersonCharacter_C Function /Game/ThirdPersonBP/Blueprints/ThirdPersonCharacter.ThirdPersonCharacter_C:ExecuteUbergraph_ThirdPersonCharacter
[2018.07.11-21.55.22:022][  0]LogSkeletalMesh: Skeletal Mesh found in DDC [10.271219ms] /Game/Mannequin/Character/Mesh/SK_Mannequin.SK_Mannequin
[2018.07.11-21.55.22:097][  0]LogAIModule: Creating AISystem for world ThirdPersonExampleMap
[2018.07.11-21.55.22:109][  0]LogEditorServer: Finished looking for orphan Actors (0.000 secs)
[2018.07.11-21.55.22:117][  0]LogUObjectGlobals: Destroyed PersistentFrame Addr=0x0000000028115780, Size=64
[2018.07.11-21.55.22:117][  0]LogUObjectGlobals: Destroyed PersistentFrame Addr=0x0000000026d46a00, Size=128
[2018.07.11-21.55.22:117][  0]LogUObjectGlobals: Destroyed PersistentFrame Addr=0x0000000026c4ff00, Size=128
[2018.07.11-21.55.22:117][  0]LogUObjectGlobals: Destroyed PersistentFrame Addr=0x0000000026cce840, Size=304
[2018.07.11-21.55.22:118][  0]Cmd: MAP CHECKDEP NOCLEARLOG
[2018.07.11-21.55.22:165][  0]MapCheck: Map check complete: 0 Error(s), 0 Warning(s), took 46.158ms to complete.
[2018.07.11-21.55.22:165][  0]LogFileHelpers: Loading map 'ThirdPersonExampleMap' took 0.473
[2018.07.11-21.55.22:293][  0]LogCollectionManager: Loaded 0 collections in 0.001287 seconds
[2018.07.11-21.55.22:333][  0]LogFileCache: Scanning file cache for directory 'C:/Users/nlines/Documents/GitHub/BumRush/BumRush_VR_001/Saved/Collections/' took 0.01s
[2018.07.11-21.55.22:333][  0]LogFileCache: Scanning file cache for directory 'C:/Users/nlines/Documents/GitHub/BumRush/BumRush_VR_001/Content/Developers/nlines/Collections/' took 0.01s
[2018.07.11-21.55.22:333][  0]LogFileCache: Scanning file cache for directory 'C:/Users/nlines/Documents/GitHub/BumRush/BumRush_VR_001/Content/Collections/' took 0.01s
[2018.07.11-21.55.22:333][  0]LogCollectionManager: Rebuilt the GUID cache for 0 collections in 0.000000 seconds
[2018.07.11-21.55.22:341][  0]LogContentBrowser: Native class hierarchy populated in 0.0079 seconds. Added 2463 classes and 566 folders.
[2018.07.11-21.55.22:346][  0]LogContentBrowser: Native class hierarchy updated for 'WidgetCarousel' in 0.0002 seconds. Added 0 classes and 0 folders.
[2018.07.11-21.55.22:378][  0]LogContentBrowser: Native class hierarchy updated for 'AddContentDialog' in 0.0002 seconds. Added 0 classes and 0 folders.
[2018.07.11-21.55.22:384][  0]LogContentBrowser: Native class hierarchy updated for 'SceneOutliner' in 0.0002 seconds. Added 1 classes and 2 folders.
[2018.07.11-21.55.22:398][  0]LogSlate: Took 0.000271 seconds to synchronously load lazily loaded font '../../../Engine/Content/Slate/Fonts/Roboto-Regular.ttf' (155K)
[2018.07.11-21.55.22:399][  0]LogSlate: Took 0.000216 seconds to synchronously load lazily loaded font '../../../Engine/Content/Slate/Fonts/Roboto-Bold.ttf' (160K)
[2018.07.11-21.55.22:404][  0]LogSlate: Took 0.000166 seconds to synchronously load lazily loaded font '../../../Engine/Content/Editor/Slate/Fonts/FontAwesome.ttf' (139K)
[2018.07.11-21.55.22:488][  0]LogRenderer: Reallocating scene render targets to support 1208x652 Format 10 NumSamples 1 (Frame:1).
[2018.07.11-21.55.22:617][  0]LogSlate: FSceneViewport::OnFocusLost() reason 2
[2018.07.11-21.55.22:628][  0]LogSlate: Window 'Tutorials' being destroyed
[2018.07.11-21.55.22:653][  0]LogContentBrowser: Native class hierarchy updated for 'HierarchicalLODOutliner' in 0.0002 seconds. Added 0 classes and 0 folders.
[2018.07.11-21.55.22:653][  0]LogLoad: (Engine Initialization) Total time: 10.17 seconds
[2018.07.11-21.55.22:653][  0]LogLoad: (Engine Initialization) Total Blueprint compile time: 0.00 seconds
[2018.07.11-21.55.22:681][  0]LogContentStreaming: Texture pool size now 1000 MB
[2018.07.11-21.55.22:710][  0]LogSlate: Took 0.000173 seconds to synchronously load lazily loaded font '../../../Engine/Content/Slate/Fonts/Roboto-Light.ttf' (167K)
[2018.07.11-21.55.22:734][  1]LogAssetRegistry: Asset discovery search completed in 5.4645 seconds
[2018.07.11-21.55.22:736][  1]LogCollectionManager: Rebuilt the object cache for 0 collections in 0.000001 seconds (found 0 objects)
[2018.07.11-21.55.22:736][  1]LogCollectionManager: Fixed up redirectors for 0 collections in 0.000047 seconds (updated 0 objects)
[2018.07.11-21.55.23:686][ 98]LogSlate: Took 0.000222 seconds to synchronously load lazily loaded font '../../../Engine/Content/Slate/Fonts/Roboto-Light.ttf' (167K)
[2018.07.11-21.55.26:675][443]LogSlate: FSceneViewport::OnFocusLost() reason 0
[2018.07.11-21.55.26:733][450]LogTemp: Repeating last play command: Selected Viewport
[2018.07.11-21.55.26:747][450]LogBlueprintUserMessages: Early PlayInEditor Detection: Level '/Game/ThirdPersonBP/Maps/ThirdPersonExampleMap.ThirdPersonExampleMap:PersistentLevel' has LevelScriptBlueprint '/Game/ThirdPersonBP/Maps/ThirdPersonExampleMap.ThirdPersonExampleMap:PersistentLevel.ThirdPersonExampleMap' with GeneratedClass '/Game/ThirdPersonBP/Maps/ThirdPersonExampleMap.ThirdPersonExampleMap_C' with ClassGeneratedBy '/Game/ThirdPersonBP/Maps/ThirdPersonExampleMap.ThirdPersonExampleMap:PersistentLevel.ThirdPersonExampleMap'
[2018.07.11-21.55.26:747][450]LogPlayLevel: PlayLevel: No blueprints needed recompiling
[2018.07.11-21.55.26:748][450]PIE: New page: PIE session: ThirdPersonExampleMap (Jul 11, 2018, 7:55:26 AM)
[2018.07.11-21.55.26:748][450]LogPlayLevel: Creating play world package: /Game/ThirdPersonBP/Maps/UEDPIE_0_ThirdPersonExampleMap
[2018.07.11-21.55.26:778][450]LogPlayLevel: PIE: StaticDuplicateObject took: (0.030486s)
[2018.07.11-21.55.26:780][450]LogAIModule: Creating AISystem for world ThirdPersonExampleMap
[2018.07.11-21.55.26:780][450]LogPlayLevel: PIE: World Init took: (0.001315s)
[2018.07.11-21.55.26:780][450]LogPlayLevel: PIE: Created PIE world by copying editor world from /Game/ThirdPersonBP/Maps/ThirdPersonExampleMap.ThirdPersonExampleMap to /Game/ThirdPersonBP/Maps/UEDPIE_0_ThirdPersonExampleMap.ThirdPersonExampleMap (0.032258s)
[2018.07.11-21.55.26:796][450]LogInit: XAudio2 using 'DELL U2415-8 (NVIDIA High Definition Audio)' : 2 channels at 48 kHz using 16 bits per sample (channel mask 0x3)
[2018.07.11-21.55.26:800][450]LogInit: FAudioDevice initialized.
[2018.07.11-21.55.26:843][450]LogLoad: Game class is 'ThirdPersonGameMode_C'
[2018.07.11-21.55.26:848][450]LogWorld: Bringing World /Game/ThirdPersonBP/Maps/UEDPIE_0_ThirdPersonExampleMap.ThirdPersonExampleMap up for play (max tick rate 0) at 2018.07.11-14.55.26
[2018.07.11-21.55.26:849][450]LogWorld: Bringing up level for play took: 0.005580
[2018.07.11-21.55.26:852][450]LogContentBrowser: Native class hierarchy updated for 'MovieSceneCapture' in 0.0002 seconds. Added 11 classes and 0 folders.
[2018.07.11-21.55.26:853][450]PIE: Play in editor start time for /Game/ThirdPersonBP/Maps/UEDPIE_0_ThirdPersonExampleMap 0.728
[2018.07.11-21.55.26:853][450]LogBlueprintUserMessages: Late PlayInEditor Detection: Level '/Game/ThirdPersonBP/Maps/ThirdPersonExampleMap.ThirdPersonExampleMap:PersistentLevel' has LevelScriptBlueprint '/Game/ThirdPersonBP/Maps/ThirdPersonExampleMap.ThirdPersonExampleMap:PersistentLevel.ThirdPersonExampleMap' with GeneratedClass '/Game/ThirdPersonBP/Maps/ThirdPersonExampleMap.ThirdPersonExampleMap_C' with ClassGeneratedBy '/Game/ThirdPersonBP/Maps/ThirdPersonExampleMap.ThirdPersonExampleMap:PersistentLevel.ThirdPersonExampleMap'
[2018.07.11-21.55.32:101][ 74]LogBlueprintUserMessages: Early EndPlayMap Detection: Level '/Game/ThirdPersonBP/Maps/ThirdPersonExampleMap.ThirdPersonExampleMap:PersistentLevel' has LevelScriptBlueprint '/Game/ThirdPersonBP/Maps/ThirdPersonExampleMap.ThirdPersonExampleMap:PersistentLevel.ThirdPersonExampleMap' with GeneratedClass '/Game/ThirdPersonBP/Maps/ThirdPersonExampleMap.ThirdPersonExampleMap_C' with ClassGeneratedBy '/Game/ThirdPersonBP/Maps/ThirdPersonExampleMap.ThirdPersonExampleMap:PersistentLevel.ThirdPersonExampleMap'
[2018.07.11-21.55.32:130][ 74]LogBlueprintUserMessages: Late EndPlayMap Detection: Level '/Game/ThirdPersonBP/Maps/ThirdPersonExampleMap.ThirdPersonExampleMap:PersistentLevel' has LevelScriptBlueprint '/Game/ThirdPersonBP/Maps/ThirdPersonExampleMap.ThirdPersonExampleMap:PersistentLevel.ThirdPersonExampleMap' with GeneratedClass '/Game/ThirdPersonBP/Maps/ThirdPersonExampleMap.ThirdPersonExampleMap_C' with ClassGeneratedBy '/Game/ThirdPersonBP/Maps/ThirdPersonExampleMap.ThirdPersonExampleMap:PersistentLevel.ThirdPersonExampleMap'
[2018.07.11-21.55.34:157][311]LogSlate: FSceneViewport::OnFocusLost() reason 0
[2018.07.11-21.55.38:664][705]LogSlate: Took 0.000155 seconds to synchronously load lazily loaded font '../../../Engine/Content/Slate/Fonts/Roboto-BoldCondensed.ttf' (158K)
[2018.07.11-21.55.57:381][744]LogContentBrowser: Native class hierarchy updated for 'BlueprintGraph' in 0.0005 seconds. Added 116 classes and 0 folders.
[2018.07.11-21.55.57:630][744]LogUObjectGlobals: Created PersistentFrame Addr=0x000000006c416100, Size=4, Default__SKEL_PROTO_BP_AnimBlueprint_0_C Function /Engine/Transient.SKEL_PROTO_BP_AnimBlueprint_0_C:ExecuteUbergraph_PROTO_BP_AnimBlueprint_0
[2018.07.11-21.55.57:632][744]LogUObjectGlobals: Created PersistentFrame Addr=0x000000006c4160f8, Size=4, Default__PROTO_BP_AnimBlueprint_0_C Function /Engine/Transient.PROTO_BP_AnimBlueprint_0_C:ExecuteUbergraph_PROTO_BP_AnimBlueprint_0
[2018.07.11-21.55.58:068][745]LogSlate: Took 0.000232 seconds to synchronously load lazily loaded font '../../../Engine/Content/Slate/Fonts/Roboto-Italic.ttf' (157K)
[2018.07.11-21.56.18:057][559]LogTemp: Repeating last play command: Selected Viewport
[2018.07.11-21.56.18:071][559]LogBlueprintUserMessages: Early PlayInEditor Detection: Level '/Game/ThirdPersonBP/Maps/ThirdPersonExampleMap.ThirdPersonExampleMap:PersistentLevel' has LevelScriptBlueprint '/Game/ThirdPersonBP/Maps/ThirdPersonExampleMap.ThirdPersonExampleMap:PersistentLevel.ThirdPersonExampleMap' with GeneratedClass '/Game/ThirdPersonBP/Maps/ThirdPersonExampleMap.ThirdPersonExampleMap_C' with ClassGeneratedBy '/Game/ThirdPersonBP/Maps/ThirdPersonExampleMap.ThirdPersonExampleMap:PersistentLevel.ThirdPersonExampleMap'
[2018.07.11-21.56.18:075][559]LogPlayLevel: PlayLevel: No blueprints needed recompiling
[2018.07.11-21.56.18:075][559]PIE: New page: PIE session: ThirdPersonExampleMap (Jul 11, 2018, 7:56:18 AM)
[2018.07.11-21.56.18:075][559]LogPlayLevel: Creating play world package: /Game/ThirdPersonBP/Maps/UEDPIE_0_ThirdPersonExampleMap
[2018.07.11-21.56.18:093][559]LogPlayLevel: PIE: StaticDuplicateObject took: (0.018456s)
[2018.07.11-21.56.18:094][559]LogAIModule: Creating AISystem for world ThirdPersonExampleMap
[2018.07.11-21.56.18:094][559]LogPlayLevel: PIE: World Init took: (0.000849s)
[2018.07.11-21.56.18:094][559]LogPlayLevel: PIE: Created PIE world by copying editor world from /Game/ThirdPersonBP/Maps/ThirdPersonExampleMap.ThirdPersonExampleMap to /Game/ThirdPersonBP/Maps/UEDPIE_0_ThirdPersonExampleMap.ThirdPersonExampleMap (0.019475s)
[2018.07.11-21.56.18:113][559]LogInit: XAudio2 using 'DELL U2415-8 (NVIDIA High Definition Audio)' : 2 channels at 48 kHz using 16 bits per sample (channel mask 0x3)
[2018.07.11-21.56.18:117][559]LogInit: FAudioDevice initialized.
[2018.07.11-21.56.18:145][559]LogLoad: Game class is 'ThirdPersonGameMode_C'
[2018.07.11-21.56.18:149][559]LogWorld: Bringing World /Game/ThirdPersonBP/Maps/UEDPIE_0_ThirdPersonExampleMap.ThirdPersonExampleMap up for play (max tick rate 0) at 2018.07.11-14.56.18
[2018.07.11-21.56.18:151][559]LogWorld: Bringing up level for play took: 0.004892
[2018.07.11-21.56.18:151][559]PIE: Play in editor start time for /Game/ThirdPersonBP/Maps/UEDPIE_0_ThirdPersonExampleMap 0.024
[2018.07.11-21.56.18:152][559]LogBlueprintUserMessages: Late PlayInEditor Detection: Level '/Game/ThirdPersonBP/Maps/ThirdPersonExampleMap.ThirdPersonExampleMap:PersistentLevel' has LevelScriptBlueprint '/Game/ThirdPersonBP/Maps/ThirdPersonExampleMap.ThirdPersonExampleMap:PersistentLevel.ThirdPersonExampleMap' with GeneratedClass '/Game/ThirdPersonBP/Maps/ThirdPersonExampleMap.ThirdPersonExampleMap_C' with ClassGeneratedBy '/Game/ThirdPersonBP/Maps/ThirdPersonExampleMap.ThirdPersonExampleMap:PersistentLevel.ThirdPersonExampleMap'
[2018.07.11-21.56.26:985][369]LogBlueprintUserMessages: Early EndPlayMap Detection: Level '/Game/ThirdPersonBP/Maps/ThirdPersonExampleMap.ThirdPersonExampleMap:PersistentLevel' has LevelScriptBlueprint '/Game/ThirdPersonBP/Maps/ThirdPersonExampleMap.ThirdPersonExampleMap:PersistentLevel.ThirdPersonExampleMap' with GeneratedClass '/Game/ThirdPersonBP/Maps/ThirdPersonExampleMap.ThirdPersonExampleMap_C' with ClassGeneratedBy '/Game/ThirdPersonBP/Maps/ThirdPersonExampleMap.ThirdPersonExampleMap:PersistentLevel.ThirdPersonExampleMap'
[2018.07.11-21.56.27:023][369]LogBlueprintUserMessages: Late EndPlayMap Detection: Level '/Game/ThirdPersonBP/Maps/ThirdPersonExampleMap.ThirdPersonExampleMap:PersistentLevel' has LevelScriptBlueprint '/Game/ThirdPersonBP/Maps/ThirdPersonExampleMap.ThirdPersonExampleMap:PersistentLevel.ThirdPersonExampleMap' with GeneratedClass '/Game/ThirdPersonBP/Maps/ThirdPersonExampleMap.ThirdPersonExampleMap_C' with ClassGeneratedBy '/Game/ThirdPersonBP/Maps/ThirdPersonExampleMap.ThirdPersonExampleMap:PersistentLevel.ThirdPersonExampleMap'
[2018.07.11-21.56.30:994][688]LogSlate: FSceneViewport::OnFocusLost() reason 0
[2018.07.11-21.56.56:501][439]LogSlate: Window 'Pick Parent Class' being destroyed
[2018.07.11-21.57.03:985][169]LogPackageName: SearchForPackageOnDisk took   0.000s, but failed to resolve /Game/ThirdPersonBP/Projecticle.
[2018.07.11-21.57.07:044][329]LogSlate: Window 'Delete Assets' being destroyed
[2018.07.11-21.58.00:153][736]LogPackageName: SearchForPackageOnDisk took   0.000s to resolve /Game/AnimStarterPack/Ue4ASP_Character.
[2018.07.11-21.58.00:157][736]LogPackageName: SearchForPackageOnDisk took   0.000s to resolve /Game/AnimStarterPack/UE4ASP_HeroTPP_AnimBlueprint.
[2018.07.11-21.58.10:446][231]LogUProjectInfo: Found projects:
[2018.07.11-21.58.12:896][415]Cmd: CLOSE_SLATE_MAINFRAME
[2018.07.11-21.58.12:976][415]LogSlate: Window 'PersianAICharacter' being destroyed
[2018.07.11-21.58.13:030][415]LogSlate: Window 'Open Project' being destroyed
[2018.07.11-21.58.13:032][415]LogSlate: Window 'BumRush_VR_001 - Unreal Editor' being destroyed
[2018.07.11-21.58.13:225][416]Cmd: QUIT_EDITOR
[2018.07.11-21.58.13:254][416]LogSlate: Slate User Destroyed.  User Index 0, Is Virtual User: 0
[2018.07.11-21.58.13:254][416]LogExit: Preparing to exit.
[2018.07.11-21.58.13:730][416]LogDirectoryWatcher: A directory notification for 'C:/Users/nlines/Documents/GitHub/BumRush/BumRush_VR_001/Content/' was aborted.
[2018.07.11-21.58.13:759][416]LogExit: Editor shut down
[2018.07.11-21.58.13:761][416]LogExit: Transaction tracking system shut down
[2018.07.11-21.58.13:762][416]LogUObjectGlobals: Destroyed PersistentFrame Addr=0x0000000026d49bc0, Size=72
[2018.07.11-21.58.13:762][416]LogUObjectGlobals: Destroyed PersistentFrame Addr=0x0000000026c4fd00, Size=128
[2018.07.11-21.58.13:762][416]LogUObjectGlobals: Destroyed PersistentFrame Addr=0x0000000026c4f300, Size=128
[2018.07.11-21.58.13:762][416]LogUObjectGlobals: Destroyed PersistentFrame Addr=0x0000000026ccccc0, Size=304
[2018.07.11-21.58.13:767][416]LogUObjectGlobals: Destroyed PersistentFrame Addr=0x000000006c416100, Size=4
[2018.07.11-21.58.13:767][416]LogUObjectGlobals: Destroyed PersistentFrame Addr=0x000000006c4160f8, Size=4
[2018.07.11-21.58.13:887][416]LogDirectoryWatcher: A directory notification for '../../../Engine/Content/' was aborted.
[2018.07.11-21.58.13:888][416]LogDirectoryWatcher: A directory notification for '../../../../../../Users/nlines/Documents/GitHub/BumRush/BumRush_VR_001/Content/' was aborted.
[2018.07.11-21.58.13:888][416]LogDirectoryWatcher: A directory notification for '../../Plugins/2D/Paper2D/Content/' was aborted.
[2018.07.11-21.58.13:888][416]LogDirectoryWatcher: A directory notification for '../../Plugins/Enterprise/DatasmithContent/Content/' was aborted.
[2018.07.11-21.58.13:888][416]LogDirectoryWatcher: A directory notification for '../../Plugins/Media/MediaCompositing/Content/' was aborted.
[2018.07.11-21.58.13:888][416]LogDirectoryWatcher: A directory notification for '../../Plugins/Runtime/AppleARKit/Content/' was aborted.
[2018.07.11-21.58.13:888][416]LogDirectoryWatcher: A directory notification for '../../Plugins/Runtime/Oculus/OculusVR/Content/' was aborted.
[2018.07.11-21.58.13:888][416]LogDirectoryWatcher: A directory notification for '../../Plugins/Runtime/Steam/SteamVR/Content/' was aborted.
[2018.07.11-21.58.13:971][416]LogExit: Object subsystem successfully closed.
[2018.07.11-21.58.13:984][416]LogShaderCompilers: Display: Shaders left to compile 0
[2018.07.11-21.58.13:987][416]LogD3D11RHI: Shutdown
[2018.07.11-21.58.13:987][416]LogD3D11RHI: CleanupD3DDevice
[2018.07.11-21.58.13:989][416]LogD3D11RHI: ~FD3D11DynamicRHI
[2018.07.11-21.58.14:002][416]LogModuleManager: Shutting down and abandoning module BlueprintGraph (584)
[2018.07.11-21.58.14:002][416]LogModuleManager: Shutting down and abandoning module MovieSceneCapture (582)
[2018.07.11-21.58.14:002][416]LogModuleManager: Shutting down and abandoning module HierarchicalLODOutliner (580)
[2018.07.11-21.58.14:002][416]LogModuleManager: Shutting down and abandoning module SceneOutliner (578)
[2018.07.11-21.58.14:002][416]LogModuleManager: Shutting down and abandoning module AddContentDialog (576)
[2018.07.11-21.58.14:002][416]LogDirectoryWatcher: A directory notification for 'C:/Program Files/Epic Games/UE_4.19/FeaturePacks/' was aborted.
[2018.07.11-21.58.14:003][416]LogModuleManager: Shutting down and abandoning module WidgetCarousel (575)
[2018.07.11-21.58.14:003][416]LogModuleManager: Shutting down and abandoning module EditorWidgets (572)
[2018.07.11-21.58.14:003][416]LogModuleManager: Shutting down and abandoning module CollectionManager (570)
[2018.07.11-21.58.14:003][416]LogDirectoryWatcher: A directory notification for 'C:/Users/nlines/Documents/GitHub/BumRush/BumRush_VR_001/Content/Collections/' was aborted.
[2018.07.11-21.58.14:003][416]LogDirectoryWatcher: A directory notification for 'C:/Users/nlines/Documents/GitHub/BumRush/BumRush_VR_001/Content/Developers/nlines/Collections/' was aborted.
[2018.07.11-21.58.14:003][416]LogDirectoryWatcher: A directory notification for 'C:/Users/nlines/Documents/GitHub/BumRush/BumRush_VR_001/Saved/Collections/' was aborted.
[2018.07.11-21.58.14:004][416]LogModuleManager: Shutting down and abandoning module StatsViewer (568)
[2018.07.11-21.58.14:004][416]LogModuleManager: Shutting down and abandoning module FoliageEdit (566)
[2018.07.11-21.58.14:004][416]LogModuleManager: Shutting down and abandoning module LandscapeEditor (564)
[2018.07.11-21.58.14:004][416]LogModuleManager: Shutting down and abandoning module MeshPaintMode (562)
[2018.07.11-21.58.14:004][416]LogModuleManager: Shutting down and abandoning module SceneDepthPickerMode (560)
[2018.07.11-21.58.14:004][416]LogModuleManager: Shutting down and abandoning module ActorPickerMode (558)
[2018.07.11-21.58.14:004][416]LogModuleManager: Shutting down and abandoning module GeometryMode (556)
[2018.07.11-21.58.14:004][416]LogModuleManager: Shutting down and abandoning module TextureAlignMode (554)
[2018.07.11-21.58.14:004][416]LogModuleManager: Shutting down and abandoning module BspMode (552)
[2018.07.11-21.58.14:004][416]LogModuleManager: Shutting down and abandoning module PIEPreviewDeviceProfileSelector (550)
[2018.07.11-21.58.14:004][416]LogModuleManager: Shutting down and abandoning module HardwareSurvey (548)
[2018.07.11-21.58.14:004][416]LogModuleManager: Shutting down and abandoning module SequenceRecorderSections (546)
[2018.07.11-21.58.14:004][416]LogModuleManager: Shutting down and abandoning module AutomationWorker (544)
[2018.07.11-21.58.14:004][416]LogModuleManager: Shutting down and abandoning module AudioCaptureEditor (542)
[2018.07.11-21.58.14:004][416]LogModuleManager: Shutting down and abandoning module SequenceRecorder (541)
[2018.07.11-21.58.14:004][416]LogModuleManager: Shutting down and abandoning module MatineeToLevelSequence (538)
[2018.07.11-21.58.14:004][416]LogModuleManager: Shutting down and abandoning module LevelSequenceEditor (536)
[2018.07.11-21.58.14:004][416]LogModuleManager: Shutting down and abandoning module PlacementMode (535)
[2018.07.11-21.58.14:004][416]LogModuleManager: Shutting down and abandoning module MaterialEditor (534)
[2018.07.11-21.58.14:004][416]LogModuleManager: Shutting down and abandoning module WmfMediaFactory (530)
[2018.07.11-21.58.14:004][416]LogModuleManager: Shutting down and abandoning module WmfMediaEditor (528)
[2018.07.11-21.58.14:004][416]LogModuleManager: Shutting down and abandoning module MediaPlayerEditor (526)
[2018.07.11-21.58.14:004][416]LogModuleManager: Shutting down and abandoning module OpenExrWrapper (524)
[2018.07.11-21.58.14:004][416]LogModuleManager: Shutting down and abandoning module ImgMediaFactory (522)
[2018.07.11-21.58.14:004][416]LogModuleManager: Shutting down and abandoning module ImgMediaEditor (520)
[2018.07.11-21.58.14:004][416]LogModuleManager: Shutting down and abandoning module AvfMediaFactory (518)
[2018.07.11-21.58.14:004][416]LogModuleManager: Shutting down and abandoning module AvfMediaEditor (516)
[2018.07.11-21.58.14:004][416]LogModuleManager: Shutting down and abandoning module AndroidMediaFactory (514)
[2018.07.11-21.58.14:004][416]LogModuleManager: Shutting down and abandoning module AndroidMediaEditor (512)
[2018.07.11-21.58.14:004][416]LogModuleManager: Shutting down and abandoning module FactionsEditor (510)
[2018.07.11-21.58.14:004][416]LogFactionsEditor: FactionsEditor: Log Ended
[2018.07.11-21.58.14:004][416]LogModuleManager: Shutting down and abandoning module CharacterAI (508)
[2018.07.11-21.58.14:004][416]LogModuleManager: Shutting down and abandoning module SmartSnapping (506)
[2018.07.11-21.58.14:004][416]LogModuleManager: Shutting down and abandoning module SessionServices (504)
[2018.07.11-21.58.14:004][416]LogModuleManager: Shutting down and abandoning module ViewportSnapping (502)
[2018.07.11-21.58.14:004][416]LogModuleManager: Shutting down and abandoning module ViewportInteraction (500)
[2018.07.11-21.58.14:004][416]LogModuleManager: Shutting down and abandoning module ClothPainter (498)
[2018.07.11-21.58.14:004][416]LogModuleManager: Shutting down and abandoning module SkeletalMeshEditor (497)
[2018.07.11-21.58.14:004][416]LogModuleManager: Shutting down and abandoning module LogVisualizer (494)
[2018.07.11-21.58.14:004][416]LogModuleManager: Shutting down and abandoning module IntroTutorials (492)
[2018.07.11-21.58.14:004][416]LogModuleManager: Shutting down and abandoning module GameProjectGeneration (491)
[2018.07.11-21.58.14:004][416]LogModuleManager: Shutting down and abandoning module IOSPlatformEditor (488)
[2018.07.11-21.58.14:004][416]LogModuleManager: Shutting down and abandoning module HTML5PlatformEditor (486)
[2018.07.11-21.58.14:005][416]LogModuleManager: Shutting down and abandoning module AndroidPlatformEditor (484)
[2018.07.11-21.58.14:005][416]LogModuleManager: Shutting down and abandoning module AndroidDeviceDetection (483)
[2018.07.11-21.58.14:237][416]LogModuleManager: Shutting down and abandoning module WindowsPlatformEditor (480)
[2018.07.11-21.58.14:237][416]LogModuleManager: Shutting down and abandoning module IOSRuntimeSettings (478)
[2018.07.11-21.58.14:237][416]LogModuleManager: Shutting down and abandoning module AndroidRuntimeSettings (476)
[2018.07.11-21.58.14:237][416]LogModuleManager: Shutting down and abandoning module InputBindingEditor (474)
[2018.07.11-21.58.14:237][416]LogModuleManager: Shutting down and abandoning module MergeActors (472)
[2018.07.11-21.58.14:237][416]LogModuleManager: Shutting down and abandoning module LocalizationDashboard (470)
[2018.07.11-21.58.14:237][416]LogModuleManager: Shutting down and abandoning module LocalizationService (469)
[2018.07.11-21.58.14:237][416]LogModuleManager: Shutting down and abandoning module HardwareTargeting (466)
[2018.07.11-21.58.14:237][416]LogModuleManager: Shutting down and abandoning module DeviceProfileEditor (464)
[2018.07.11-21.58.14:237][416]LogModuleManager: Shutting down and abandoning module UndoHistory (462)
[2018.07.11-21.58.14:237][416]LogModuleManager: Shutting down and abandoning module XmlParser (460)
[2018.07.11-21.58.14:237][416]LogModuleManager: Shutting down and abandoning module Blutility (458)
[2018.07.11-21.58.14:237][416]LogModuleManager: Shutting down and abandoning module ProjectSettingsViewer (456)
[2018.07.11-21.58.14:237][416]LogModuleManager: Shutting down and abandoning module ProjectTargetPlatformEditor (455)
[2018.07.11-21.58.14:237][416]LogModuleManager: Shutting down and abandoning module EditorSettingsViewer (452)
[2018.07.11-21.58.14:238][416]LogModuleManager: Shutting down and abandoning module SettingsEditor (450)
[2018.07.11-21.58.14:238][416]LogModuleManager: Shutting down and abandoning module ProjectLauncher (448)
[2018.07.11-21.58.14:238][416]LogModuleManager: Shutting down and abandoning module SessionFrontend (446)
[2018.07.11-21.58.14:238][416]LogModuleManager: Shutting down and abandoning module ProfilerClient (444)
[2018.07.11-21.58.14:238][416]LogModuleManager: Shutting down and abandoning module DeviceManager (442)
[2018.07.11-21.58.14:238][416]LogModuleManager: Shutting down and abandoning module TargetDeviceServices (441)
[2018.07.11-21.58.14:278][416]LogModuleManager: Shutting down and abandoning module AutomationController (438)
[2018.07.11-21.58.14:278][416]LogModuleManager: Shutting down and abandoning module AutomationWindow (436)
[2018.07.11-21.58.14:278][416]LogModuleManager: Shutting down and abandoning module Layers (434)
[2018.07.11-21.58.14:278][416]LogModuleManager: Shutting down and abandoning module ComponentVisualizers (432)
[2018.07.11-21.58.14:278][416]LogModuleManager: Shutting down and abandoning module DetailCustomizations (430)
[2018.07.11-21.58.14:278][416]LogModuleManager: Shutting down and abandoning module PackagesDialog (428)
[2018.07.11-21.58.14:278][416]LogModuleManager: Shutting down and abandoning module Persona (426)
[2018.07.11-21.58.14:278][416]LogModuleManager: Shutting down and abandoning module AdvancedPreviewScene (425)
[2018.07.11-21.58.14:278][416]LogModuleManager: Shutting down and abandoning module AnimGraph (423)
[2018.07.11-21.58.14:278][416]LogModuleManager: Shutting down and abandoning module Kismet (420)
[2018.07.11-21.58.14:282][416]LogModuleManager: Shutting down and abandoning module GraphEditor (418)
[2018.07.11-21.58.14:282][416]LogModuleManager: Shutting down and abandoning module ClassViewer (416)
[2018.07.11-21.58.14:284][416]LogModuleManager: Shutting down and abandoning module Toolbox (414)
[2018.07.11-21.58.14:284][416]LogModuleManager: Shutting down and abandoning module ModuleUI (412)
[2018.07.11-21.58.14:284][416]LogModuleManager: Shutting down and abandoning module MovieSceneTools (410)
[2018.07.11-21.58.14:284][416]LogModuleManager: Shutting down and abandoning module OutputLog (408)
[2018.07.11-21.58.14:284][416]LogModuleManager: Shutting down and abandoning module GammaUI (406)
[2018.07.11-21.58.14:284][416]LogModuleManager: Shutting down and abandoning module Documentation (404)
[2018.07.11-21.58.14:284][416]LogModuleManager: Shutting down and abandoning module MovieSceneTracks (402)
[2018.07.11-21.58.14:284][416]LogModuleManager: Shutting down and abandoning module MovieScene (400)
[2018.07.11-21.58.14:284][416]LogModuleManager: Shutting down and abandoning module StreamingPauseRendering (398)
[2018.07.11-21.58.14:284][416]LogModuleManager: Shutting down and abandoning module LauncherPlatform (396)
[2018.07.11-21.58.14:284][416]LogModuleManager: Shutting down and abandoning module AnalyticsET (394)
[2018.07.11-21.58.14:284][416]LogModuleManager: Shutting down and abandoning module PortalServices (392)
[2018.07.11-21.58.14:284][416]LogModuleManager: Shutting down and abandoning module PortalRpc (390)
[2018.07.11-21.58.14:284][416]LogModuleManager: Shutting down and abandoning module MessagingRpc (388)
[2018.07.11-21.58.14:284][416]LogModuleManager: Shutting down and abandoning module AIModule (386)
[2018.07.11-21.58.14:284][416]LogModuleManager: Shutting down and abandoning module GameplayDebugger (385)
[2018.07.11-21.58.14:284][416]LogModuleManager: Shutting down and abandoning module AITestSuite (383)
[2018.07.11-21.58.14:284][416]LogModuleManager: Shutting down and abandoning module DesktopPlatform (380)
[2018.07.11-21.58.14:284][416]LogModuleManager: Shutting down and abandoning module ProfilerService (378)
[2018.07.11-21.58.14:297][416]LogModuleManager: Shutting down and abandoning module TaskGraph (376)
[2018.07.11-21.58.14:297][416]LogModuleManager: Shutting down and abandoning module SteamVRController (374)
[2018.07.11-21.58.14:297][416]LogModuleManager: Shutting down and abandoning module ProceduralMeshComponentEditor (372)
[2018.07.11-21.58.14:297][416]LogModuleManager: Shutting down and abandoning module ProceduralMeshComponent (370)
[2018.07.11-21.58.14:297][416]LogModuleManager: Shutting down and abandoning module OculusInput (368)
[2018.07.11-21.58.14:297][416]LogModuleManager: Shutting down and abandoning module MobilePatchingUtils (366)
[2018.07.11-21.58.14:297][416]LogModuleManager: Shutting down and abandoning module CustomMeshComponent (364)
[2018.07.11-21.58.14:297][416]LogModuleManager: Shutting down and abandoning module CableComponent (362)
[2018.07.11-21.58.14:297][416]LogModuleManager: Shutting down and abandoning module AudioCapture (360)
[2018.07.11-21.58.14:297][416]LogModuleManager: Shutting down and abandoning module ArchVisCharacter (358)
[2018.07.11-21.58.14:297][416]LogModuleManager: Shutting down and abandoning module AndroidPermission (356)
[2018.07.11-21.58.14:297][416]LogModuleManager: Shutting down and abandoning module NUTUnrealEngine4 (352)
[2018.07.11-21.58.14:297][416]LogModuleManager: Shutting down and abandoning module NetcodeUnitTest (350)
[2018.07.11-21.58.14:297][416]LogModuleManager: Shutting down and abandoning module MediaCompositingEditor (348)
[2018.07.11-21.58.14:297][416]LogModuleManager: Shutting down and abandoning module MediaCompositing (346)
[2018.07.11-21.58.14:297][416]LogModuleManager: Shutting down and abandoning module LinearTimecode (344)
[2018.07.11-21.58.14:297][416]LogModuleManager: Shutting down and abandoning module ImgMedia (342)
[2018.07.11-21.58.14:299][416]LogModuleManager: Shutting down and abandoning module HTML5Networking (340)
[2018.07.11-21.58.14:299][416]LogModuleManager: Shutting down and abandoning module AlembicImporter (338)
[2018.07.11-21.58.14:299][416]LogModuleManager: Shutting down and abandoning module AlembicLibrary (337)
[2018.07.11-21.58.14:299][416]LogModuleManager: Shutting down and abandoning module GeometryCache (336)
[2018.07.11-21.58.14:299][416]LogModuleManager: Shutting down and abandoning module GeometryCacheEd (335)
[2018.07.11-21.58.14:299][416]LogModuleManager: Shutting down and abandoning module DatasmithContent (330)
[2018.07.11-21.58.14:299][416]LogModuleManager: Shutting down and abandoning module SpeedTreeImporter (328)
[2018.07.11-21.58.14:299][416]LogModuleManager: Shutting down and abandoning module PluginBrowser (326)
[2018.07.11-21.58.14:299][416]LogModuleManager: Shutting down and abandoning module MobileLauncherProfileWizard (324)
[2018.07.11-21.58.14:299][416]LogModuleManager: Shutting down and abandoning module CryptoKeysOpenSSL (322)
[2018.07.11-21.58.14:299][416]LogModuleManager: Shutting down and abandoning module CryptoKeys (320)
[2018.07.11-21.58.14:299][416]LogModuleManager: Shutting down and abandoning module VisualStudioSourceCodeAccess (318)
[2018.07.11-21.58.14:299][416]LogModuleManager: Shutting down and abandoning module VisualStudioCodeSourceCodeAccess (316)
[2018.07.11-21.58.14:299][416]LogModuleManager: Shutting down and abandoning module UObjectPlugin (314)
[2018.07.11-21.58.14:299][416]LogModuleManager: Shutting down and abandoning module SubversionSourceControl (312)
[2018.07.11-21.58.14:299][416]LogModuleManager: Shutting down and abandoning module PerforceSourceControl (310)
[2018.07.11-21.58.14:299][416]LogModuleManager: Shutting down and abandoning module GitSourceControl (308)
[2018.07.11-21.58.14:299][416]LogModuleManager: Shutting down and abandoning module SourceControl (307)
[2018.07.11-21.58.14:300][416]LogModuleManager: Shutting down and abandoning module CLionSourceCodeAccess (304)
[2018.07.11-21.58.14:300][416]LogModuleManager: Shutting down and abandoning module LightPropagationVolumeEditor (302)
[2018.07.11-21.58.14:300][416]LogModuleManager: Shutting down and abandoning module PaperTiledImporter (300)
[2018.07.11-21.58.14:300][416]LogModuleManager: Shutting down and abandoning module PaperSpriteSheetImporter (298)
[2018.07.11-21.58.14:300][416]LogModuleManager: Shutting down and abandoning module Paper2DEditor (296)
[2018.07.11-21.58.14:300][416]LogModuleManager: Shutting down and abandoning module MeshPaint (295)
[2018.07.11-21.58.14:300][416]LogModuleManager: Shutting down and abandoning module RuntimePhysXCooking (292)
[2018.07.11-21.58.14:300][416]LogModuleManager: Shutting down and abandoning module PhysXVehiclesEditor (290)
[2018.07.11-21.58.14:300][416]LogModuleManager: Shutting down and abandoning module PhysXVehicles (288)
[2018.07.11-21.58.14:300][416]LogModuleManager: Shutting down and abandoning module OculusEditor (286)
[2018.07.11-21.58.14:300][416]LogModuleManager: Shutting down and abandoning module LocationServicesBPLibrary (284)
[2018.07.11-21.58.14:300][416]LogModuleManager: Shutting down and abandoning module ImmediatePhysicsEditor (282)
[2018.07.11-21.58.14:300][416]LogModuleManager: Shutting down and abandoning module ImmediatePhysics (280)
[2018.07.11-21.58.14:300][416]LogModuleManager: Shutting down and abandoning module ActorSequence (278)
[2018.07.11-21.58.14:300][416]LogModuleManager: Shutting down and abandoning module UdpMessaging (276)
[2018.07.11-21.58.14:400][416]LogModuleManager: Shutting down and abandoning module TcpMessaging (274)
[2018.07.11-21.58.14:686][416]LogModuleManager: Shutting down and abandoning module Factions (272)
[2018.07.11-21.58.14:686][416]LogFactions: Factions: Log Ended
[2018.07.11-21.58.14:686][416]LogModuleManager: Shutting down and abandoning module GameplayTagsEditor (270)
[2018.07.11-21.58.14:686][416]LogModuleManager: Shutting down and abandoning module FacialAnimationEditor (268)
[2018.07.11-21.58.14:686][416]LogModuleManager: Shutting down and abandoning module FacialAnimation (266)
[2018.07.11-21.58.14:686][416]LogModuleManager: Shutting down and abandoning module DataValidation (264)
[2018.07.11-21.58.14:686][416]LogModuleManager: Shutting down and abandoning module AssetManagerEditor (262)
[2018.07.11-21.58.14:686][416]LogModuleManager: Shutting down and abandoning module LevelEditor (261)
[2018.07.11-21.58.14:687][416]LogModuleManager: Shutting down and abandoning module PixelInspectorModule (260)
[2018.07.11-21.58.14:687][416]LogModuleManager: Shutting down and abandoning module CommonMenuExtensions (258)
[2018.07.11-21.58.14:687][416]LogModuleManager: Shutting down and abandoning module MainFrame (256)
[2018.07.11-21.58.14:687][416]LogModuleManager: Shutting down and abandoning module HotReload (255)
[2018.07.11-21.58.14:688][416]LogModuleManager: Shutting down and abandoning module ContentBrowser (251)
[2018.07.11-21.58.14:689][416]LogModuleManager: Shutting down and abandoning module TreeMap (249)
[2018.07.11-21.58.14:689][416]LogModuleManager: Shutting down and abandoning module LightPropagationVolumeRuntime (246)
[2018.07.11-21.58.14:689][416]LogModuleManager: Shutting down and abandoning module LiveLinkEditor (244)
[2018.07.11-21.58.14:689][416]LogModuleManager: Shutting down and abandoning module LiveLink (242)
[2018.07.11-21.58.15:406][416]LogModuleManager: Shutting down and abandoning module Paper2D (240)
[2018.07.11-21.58.15:406][416]LogModuleManager: Shutting down and abandoning module WindowsMoviePlayer (238)
[2018.07.11-21.58.15:406][416]LogModuleManager: Shutting down and abandoning module WmfMedia (236)
[2018.07.11-21.58.15:406][416]LogModuleManager: Shutting down and abandoning module Media (235)
[2018.07.11-21.58.15:411][416]LogModuleManager: Shutting down and abandoning module PacketHandler (232)
[2018.07.11-21.58.15:411][416]LogModuleManager: Shutting down and abandoning module ClothingSystemEditor (230)
[2018.07.11-21.58.15:411][416]LogModuleManager: Shutting down and abandoning module ClothingSystemRuntime (228)
[2018.07.11-21.58.15:411][416]LogModuleManager: Shutting down and abandoning module MediaAssets (226)
[2018.07.11-21.58.15:411][416]LogModuleManager: Shutting down and abandoning module Overlay (224)
[2018.07.11-21.58.15:411][416]LogModuleManager: Shutting down and abandoning module OverlayEditor (223)
[2018.07.11-21.58.15:411][416]LogModuleManager: Shutting down and abandoning module EnvironmentQueryEditor (220)
[2018.07.11-21.58.15:411][416]LogModuleManager: Shutting down and abandoning module VREditor (218)
[2018.07.11-21.58.15:411][416]LogModuleManager: Shutting down and abandoning module StringTableEditor (216)
[2018.07.11-21.58.15:411][416]LogModuleManager: Shutting down and abandoning module GameplayTasksEditor (214)
[2018.07.11-21.58.15:411][416]LogModuleManager: Shutting down and abandoning module BehaviorTreeEditor (212)
[2018.07.11-21.58.15:411][416]LogModuleManager: Shutting down and abandoning module FunctionalTesting (210)
[2018.07.11-21.58.15:411][416]LogModuleManager: Shutting down and abandoning module CollisionAnalyzer (208)
[2018.07.11-21.58.15:411][416]LogModuleManager: Shutting down and abandoning module WorkspaceMenuStructure (207)
[2018.07.11-21.58.15:411][416]LogModuleManager: Shutting down and abandoning module UMG (204)
[2018.07.11-21.58.15:411][416]LogModuleManager: Shutting down and abandoning module UMGEditor (203)
[2018.07.11-21.58.15:411][416]LogModuleManager: Shutting down and abandoning module Sequencer (202)
[2018.07.11-21.58.15:411][416]LogModuleManager: Shutting down and abandoning module MessageLog (199)
[2018.07.11-21.58.15:411][416]LogModuleManager: Shutting down and abandoning module SlateReflector (194)
[2018.07.11-21.58.15:411][416]LogModuleManager: Shutting down and abandoning module Slate (192)
[2018.07.11-21.58.15:411][416]LogModuleManager: Shutting down and abandoning module EditorStyle (190)
[2018.07.11-21.58.15:413][416]LogModuleManager: Shutting down and abandoning module MRMesh (188)
[2018.07.11-21.58.15:413][416]LogModuleManager: Shutting down and abandoning module SourceCodeAccess (186)
[2018.07.11-21.58.15:413][416]LogModuleManager: Shutting down and abandoning module HeadMountedDisplay (184)
[2018.07.11-21.58.15:413][416]LogModuleManager: Shutting down and abandoning module XAudio2 (182)
[2018.07.11-21.58.15:413][416]LogModuleManager: Shutting down and abandoning module Networking (180)
[2018.07.11-21.58.15:413][416]LogModuleManager: Shutting down and abandoning module Core (178)
[2018.07.11-21.58.15:413][416]LogModuleManager: Shutting down and abandoning module LevelSequence (176)
[2018.07.11-21.58.15:413][416]LogModuleManager: Shutting down and abandoning module KismetCompiler (174)
[2018.07.11-21.58.15:413][416]LogModuleManager: Shutting down and abandoning module MeshUtilities (172)
[2018.07.11-21.58.15:413][416]LogModuleManager: Shutting down and abandoning module MeshMergeUtilities (171)
[2018.07.11-21.58.15:413][416]LogModuleManager: Shutting down and abandoning module MeshReductionInterface (170)
[2018.07.11-21.58.15:413][416]LogModuleManager: Shutting down and abandoning module SimplygonSwarm (169)
[2018.07.11-21.58.15:413][416]LogModuleManager: Shutting down and abandoning module SimplygonMeshReduction (167)
[2018.07.11-21.58.15:413][416]LogModuleManager: Shutting down and abandoning module QuadricMeshReduction (165)
[2018.07.11-21.58.15:413][416]LogModuleManager: Shutting down and abandoning module MaterialBaking (161)
[2018.07.11-21.58.15:413][416]LogModuleManager: Shutting down and abandoning module DirectoryWatcher (157)
[2018.07.11-21.58.15:414][416]LogModuleManager: Shutting down and abandoning module DerivedDataCache (154)
[2018.07.11-21.58.15:468][416]LogDerivedDataCache: Shutdown
[2018.07.11-21.58.15:468][416]LogModuleManager: Shutting down and abandoning module XGEController (152)
[2018.07.11-21.58.15:468][416]LogXGEController: Cleaning working directory: C:/Users/nlines/AppData/Local/Temp/UnrealXGEWorkingDir/
[2018.07.11-21.58.15:468][416]LogModuleManager: Shutting down and abandoning module TargetPlatform (150)
[2018.07.11-21.58.15:468][416]LogModuleManager: Shutting down and abandoning module VulkanShaderFormat (149)
[2018.07.11-21.58.15:468][416]LogModuleManager: Shutting down and abandoning module ShaderFormatVectorVM (147)
[2018.07.11-21.58.15:468][416]LogModuleManager: Shutting down and abandoning module ShaderFormatOpenGL (145)
[2018.07.11-21.58.15:468][416]LogModuleManager: Shutting down and abandoning module ShaderFormatD3D (143)
[2018.07.11-21.58.15:468][416]LogModuleManager: Shutting down and abandoning module MetalShaderFormat (141)
[2018.07.11-21.58.15:468][416]LogModuleManager: Shutting down and abandoning module TextureFormatUncompressed (139)
[2018.07.11-21.58.15:468][416]LogModuleManager: Shutting down and abandoning module TextureFormatPVR (137)
[2018.07.11-21.58.15:468][416]LogModuleManager: Shutting down and abandoning module TextureFormatDXT (135)
[2018.07.11-21.58.15:468][416]LogModuleManager: Shutting down and abandoning module TextureFormatIntelISPCTexComp (133)
[2018.07.11-21.58.15:469][416]LogModuleManager: Shutting down and abandoning module TextureFormatASTC (131)
[2018.07.11-21.58.15:469][416]LogModuleManager: Shutting down and abandoning module ImageWrapper (130)
[2018.07.11-21.58.15:469][416]LogModuleManager: Shutting down and abandoning module TextureFormatAndroid (127)
[2018.07.11-21.58.15:469][416]LogModuleManager: Shutting down and abandoning module AudioFormatOpus (125)
[2018.07.11-21.58.15:469][416]LogModuleManager: Shutting down and abandoning module AudioFormatOgg (123)
[2018.07.11-21.58.15:469][416]LogModuleManager: Shutting down and abandoning module AudioFormatADPCM (121)
[2018.07.11-21.58.15:469][416]LogModuleManager: Shutting down and abandoning module LinuxTargetPlatform (119)
[2018.07.11-21.58.15:469][416]LogModuleManager: Shutting down and abandoning module LinuxServerTargetPlatform (117)
[2018.07.11-21.58.15:469][416]LogModuleManager: Shutting down and abandoning module LinuxNoEditorTargetPlatform (115)
[2018.07.11-21.58.15:469][416]LogModuleManager: Shutting down and abandoning module LinuxClientTargetPlatform (113)
[2018.07.11-21.58.15:469][416]LogModuleManager: Shutting down and abandoning module TVOSTargetPlatform (111)
[2018.07.11-21.58.15:469][416]LogModuleManager: Shutting down and abandoning module Messaging (109)
[2018.07.11-21.58.15:469][416]LogModuleManager: Shutting down and abandoning module IOSTargetPlatform (107)
[2018.07.11-21.58.15:469][416]LogModuleManager: Shutting down and abandoning module HTML5TargetPlatform (105)
[2018.07.11-21.58.15:469][416]LogModuleManager: Shutting down and abandoning module AndroidTargetPlatform (103)
[2018.07.11-21.58.15:469][416]LogModuleManager: Shutting down and abandoning module Android_PVRTCTargetPlatform (101)
[2018.07.11-21.58.15:469][416]LogModuleManager: Shutting down and abandoning module Android_MultiTargetPlatform (99)
[2018.07.11-21.58.15:469][416]LogModuleManager: Shutting down and abandoning module Android_ETC2TargetPlatform (97)
[2018.07.11-21.58.15:469][416]LogModuleManager: Shutting down and abandoning module Android_ETC1TargetPlatform (95)
[2018.07.11-21.58.15:469][416]LogModuleManager: Shutting down and abandoning module Android_ETC1aTargetPlatform (93)
[2018.07.11-21.58.15:469][416]LogModuleManager: Shutting down and abandoning module Android_DXTTargetPlatform (91)
[2018.07.11-21.58.15:469][416]LogModuleManager: Shutting down and abandoning module Android_ATCTargetPlatform (89)
[2018.07.11-21.58.15:469][416]LogModuleManager: Shutting down and abandoning module Android_ASTCTargetPlatform (87)
[2018.07.11-21.58.15:469][416]LogModuleManager: Shutting down and abandoning module WindowsTargetPlatform (85)
[2018.07.11-21.58.15:469][416]LogModuleManager: Shutting down and abandoning module WindowsServerTargetPlatform (83)
[2018.07.11-21.58.15:469][416]LogModuleManager: Shutting down and abandoning module WindowsNoEditorTargetPlatform (81)
[2018.07.11-21.58.15:469][416]LogModuleManager: Shutting down and abandoning module WindowsClientTargetPlatform (79)
[2018.07.11-21.58.15:469][416]LogModuleManager: Shutting down and abandoning module MacTargetPlatform (77)
[2018.07.11-21.58.15:469][416]LogModuleManager: Shutting down and abandoning module MacServerTargetPlatform (75)
[2018.07.11-21.58.15:469][416]LogModuleManager: Shutting down and abandoning module MacNoEditorTargetPlatform (73)
[2018.07.11-21.58.15:469][416]LogModuleManager: Shutting down and abandoning module MacClientTargetPlatform (71)
[2018.07.11-21.58.15:469][416]LogModuleManager: Shutting down and abandoning module AllDesktopTargetPlatform (69)
[2018.07.11-21.58.15:469][416]LogModuleManager: Shutting down and abandoning module InputCore (66)
[2018.07.11-21.58.15:469][416]LogModuleManager: Shutting down and abandoning module Settings (64)
[2018.07.11-21.58.15:469][416]LogModuleManager: Shutting down and abandoning module PhysXCooking (62)
[2018.07.11-21.58.15:469][416]LogModuleManager: Shutting down and abandoning module SteamVR (60)
[2018.07.11-21.58.15:469][416]LogModuleManager: Shutting down and abandoning module OculusHMD (58)
[2018.07.11-21.58.15:469][416]LogModuleManager: Shutting down and abandoning module ExampleDeviceProfileSelector (56)
[2018.07.11-21.58.15:469][416]LogModuleManager: Shutting down and abandoning module AppleARKit (54)
[2018.07.11-21.58.15:469][416]LogModuleManager: Shutting down and abandoning module AugmentedReality (51)
[2018.07.11-21.58.15:469][416]LogModuleManager: Shutting down and abandoning module OnlineBlueprintSupport (48)
[2018.07.11-21.58.15:469][416]LogModuleManager: Shutting down and abandoning module OnlineSubsystem (44)
[2018.07.11-21.58.15:469][416]LogModuleManager: Shutting down and abandoning module XMPP (43)
[2018.07.11-21.58.15:469][416]LogModuleManager: Shutting down and abandoning module HTTP (41)
[2018.07.11-21.58.15:469][416]LogHttp: Display: Http module shutting down, but needs to wait on 1 outstanding Http requests:
[2018.07.11-21.58.15:469][416]LogHttp: Display: 	verb=[POST] url=[https://datarouter.ol.epicgames.com/datarouter/api/v1/public/data?SessionID=%7B5997D80E-4B5C-A898-1DC4-0B919AB43D05%7D&AppID=UEEditor.Rocket.Release&AppVersion=4.19.2-4033788%2B%2B%2BUE4%2BRelease-4.19&UserID=d33ef955453c9f3fcad8a0a69f0ffbf8%7C9268b8834d584400bb0ab1eac708a165%7C09933a3a-0cc5-4978-882a-d01e2792fec3&AppEnvironment=datacollector-binary&UploadType=eteventstream] status=Processing
[2018.07.11-21.58.15:476][416]LogModuleManager: Shutting down and abandoning module SSL (40)
[2018.07.11-21.58.15:477][416]LogModuleManager: Shutting down and abandoning module AnimationModifiers (36)
[2018.07.11-21.58.15:477][416]LogModuleManager: Shutting down and abandoning module PropertyEditor (35)
[2018.07.11-21.58.15:477][416]LogModuleManager: Shutting down and abandoning module AudioEditor (32)
[2018.07.11-21.58.15:477][416]LogModuleManager: Shutting down and abandoning module TextureCompressor (30)
[2018.07.11-21.58.15:477][416]LogModuleManager: Shutting down and abandoning module ShaderCore (28)
[2018.07.11-21.58.15:477][416]LogModuleManager: Shutting down and abandoning module Landscape (26)
[2018.07.11-21.58.15:477][416]LogModuleManager: Shutting down and abandoning module SlateRHIRenderer (24)
[2018.07.11-21.58.15:478][416]LogModuleManager: Shutting down and abandoning module OpenGLDrv (22)
[2018.07.11-21.58.15:478][416]LogModuleManager: Shutting down and abandoning module D3D11RHI (20)
[2018.07.11-21.58.15:478][416]LogModuleManager: Shutting down and abandoning module AnimGraphRuntime (18)
[2018.07.11-21.58.15:478][416]LogModuleManager: Shutting down and abandoning module Renderer (16)
[2018.07.11-21.58.15:478][416]LogModuleManager: Shutting down and abandoning module Engine (14)
[2018.07.11-21.58.15:478][416]LogModuleManager: Shutting down and abandoning module CoreUObject (12)
[2018.07.11-21.58.15:478][416]LogModuleManager: Shutting down and abandoning module NetworkFile (10)
[2018.07.11-21.58.15:478][416]LogModuleManager: Shutting down and abandoning module CookedIterativeFile (8)
[2018.07.11-21.58.15:478][416]LogModuleManager: Shutting down and abandoning module StreamingFile (6)
[2018.07.11-21.58.15:478][416]LogModuleManager: Shutting down and abandoning module SandboxFile (4)
[2018.07.11-21.58.15:478][416]LogModuleManager: Shutting down and abandoning module PakFile (2)
[2018.07.11-21.58.15:484][416]LogExit: Exiting.
[2018.07.11-21.58.15:495][416]Log file closed, 07/11/18 14:58:15
